-- The C compiler identification is GNU 9.4.0
-- The CXX compiler identification is GNU 9.4.0
-- Check for working C compiler: /usr/bin/cc
-- Check for working C compiler: /usr/bin/cc -- works
-- Detecting C compiler ABI info
-- Detecting C compiler ABI info - done
-- Detecting C compile features
-- Detecting C compile features - done
-- Check for working CXX compiler: /usr/bin/c++
-- Check for working CXX compiler: /usr/bin/c++ -- works
-- Detecting CXX compiler ABI info
-- Detecting CXX compiler ABI info - done
-- Detecting CXX compile features
-- Detecting CXX compile features - done
-- Found ament_cmake: 0.9.12 (/opt/ros/foxy/share/ament_cmake/cmake)
-- Found PythonInterp: /usr/bin/python3 (found suitable version "3.8.10", minimum required is "3") 
-- Using PYTHON_EXECUTABLE: /usr/bin/python3
-- Found rclcpp: 2.4.3 (/opt/ros/foxy/share/rclcpp/cmake)
-- Using all available rosidl_typesupport_c: rosidl_typesupport_fastrtps_c;rosidl_typesupport_introspection_c
-- Found rosidl_adapter: 1.3.1 (/opt/ros/foxy/share/rosidl_adapter/cmake)
-- Found OpenSSL: /usr/lib/aarch64-linux-gnu/libcrypto.so (found version "1.1.1f")  
-- Found FastRTPS: /opt/ros/foxy/include  
-- Using all available rosidl_typesupport_cpp: rosidl_typesupport_fastrtps_cpp;rosidl_typesupport_introspection_cpp
-- Found rmw_implementation_cmake: 1.0.4 (/opt/ros/foxy/share/rmw_implementation_cmake/cmake)
-- Using RMW implementation 'rmw_fastrtps_cpp' as default
-- Looking for pthread.h
-- Looking for pthread.h - found
-- Performing Test CMAKE_HAVE_LIBC_PTHREAD
-- Performing Test CMAKE_HAVE_LIBC_PTHREAD - Failed
-- Looking for pthread_create in pthreads
-- Looking for pthread_create in pthreads - not found
-- Looking for pthread_create in pthread
-- Looking for pthread_create in pthread - found
-- Found Threads: TRUE  
-- Found geometry_msgs: 2.0.5 (/opt/ros/foxy/share/geometry_msgs/cmake)
-- Found shape_msgs: 2.0.5 (/opt/ros/foxy/share/shape_msgs/cmake)
-- Found rosidl_default_generators: 1.0.1 (/opt/ros/foxy/share/rosidl_default_generators/cmake)
-- Found PythonInterp: /usr/bin/python3 (found version "3.8.10") 
-- Found ament_cmake_ros: 0.9.2 (/opt/ros/foxy/share/ament_cmake_ros/cmake)
-- Using all available rosidl_typesupport_c: rosidl_typesupport_fastrtps_c;rosidl_typesupport_introspection_c
-- Using all available rosidl_typesupport_cpp: rosidl_typesupport_fastrtps_cpp;rosidl_typesupport_introspection_cpp
-- Found PythonInterp: /usr/bin/python3 (found suitable version "3.8.10", minimum required is "3.5") 
-- Found python_cmake_module: 0.8.1 (/opt/ros/foxy/share/python_cmake_module/cmake)
-- Found PythonLibs: /usr/lib/aarch64-linux-gnu/libpython3.8.so (found suitable version "3.8.10", minimum required is "3.5") 
-- Using PYTHON_EXECUTABLE: /usr/bin/python3
-- Using PYTHON_INCLUDE_DIRS: /usr/include/python3.8
-- Using PYTHON_LIBRARIES: /usr/lib/aarch64-linux-gnu/libpython3.8.so
-- Found PythonExtra: .so  
-- Configuring done
-- Generating done
-- Build files have been written to: /home/mechatronics/core_dependencies/scion_types/build/scion_types
[35m[1mScanning dependencies of target scion_types__cpp[0m
[  1%] [34m[1mGenerating C code for ROS interfaces[0m
[  1%] [34m[1mGenerating C++ code for ROS interfaces[0m
[  1%] Built target scion_types__cpp
[  2%] [34m[1mGenerating C++ type support for eProsima Fast-RTPS[0m
[  2%] [34m[1mGenerating C++ type support dispatch for ROS interfaces[0m
[  3%] [34m[1mGenerating C++ introspection for ROS interfaces[0m
[35m[1mScanning dependencies of target scion_types__rosidl_generator_c[0m
[  9%] [32mBuilding C object CMakeFiles/scion_types__rosidl_generator_c.dir/rosidl_generator_c/scion_types/msg/detail/idea__functions.c.o[0m
[  9%] [32mBuilding C object CMakeFiles/scion_types__rosidl_generator_c.dir/rosidl_generator_c/scion_types/msg/detail/can_frame__functions.c.o[0m
[  9%] [32mBuilding C object CMakeFiles/scion_types__rosidl_generator_c.dir/rosidl_generator_c/scion_types/msg/detail/raw_data__functions.c.o[0m
[  9%] [32mBuilding C object CMakeFiles/scion_types__rosidl_generator_c.dir/rosidl_generator_c/scion_types/msg/detail/sub_state__functions.c.o[0m
[  9%] [32mBuilding C object CMakeFiles/scion_types__rosidl_generator_c.dir/rosidl_generator_c/scion_types/msg/detail/datapoint__functions.c.o[0m
[  9%] [32mBuilding C object CMakeFiles/scion_types__rosidl_generator_c.dir/rosidl_generator_c/scion_types/msg/detail/pid_tuning__functions.c.o[0m
[  9%] [32mBuilding C object CMakeFiles/scion_types__rosidl_generator_c.dir/rosidl_generator_c/scion_types/msg/detail/keypoint2_di__functions.c.o[0m
[ 11%] [32mBuilding C object CMakeFiles/scion_types__rosidl_generator_c.dir/rosidl_generator_c/scion_types/msg/detail/vision_object__functions.c.o[0m
[ 11%] [32mBuilding C object CMakeFiles/scion_types__rosidl_generator_c.dir/rosidl_generator_c/scion_types/msg/detail/zed_object__functions.c.o[0m
[ 13%] [32mBuilding C object CMakeFiles/scion_types__rosidl_generator_c.dir/rosidl_generator_c/scion_types/srv/detail/send_frame__functions.c.o[0m
[ 13%] [32mBuilding C object CMakeFiles/scion_types__rosidl_generator_c.dir/rosidl_generator_c/scion_types/srv/detail/can_command__functions.c.o[0m
[ 14%] [32m[1mLinking C shared library libscion_types__rosidl_generator_c.so[0m
[ 14%] Built target scion_types__rosidl_generator_c
[ 16%] [34m[1mGenerating C type support dispatch for ROS interfaces[0m
[ 16%] [34m[1mGenerating C introspection for ROS interfaces[0m
[35m[1mScanning dependencies of target scion_types__rosidl_typesupport_cpp[0m
[ 20%] [32mBuilding CXX object CMakeFiles/scion_types__rosidl_typesupport_cpp.dir/rosidl_typesupport_cpp/scion_types/msg/idea__type_support.cpp.o[0m
[ 20%] [32mBuilding CXX object CMakeFiles/scion_types__rosidl_typesupport_cpp.dir/rosidl_typesupport_cpp/scion_types/msg/sub_state__type_support.cpp.o[0m
[ 21%] [32mBuilding CXX object CMakeFiles/scion_types__rosidl_typesupport_cpp.dir/rosidl_typesupport_cpp/scion_types/msg/raw_data__type_support.cpp.o[0m
[ 21%] [32mBuilding CXX object CMakeFiles/scion_types__rosidl_typesupport_cpp.dir/rosidl_typesupport_cpp/scion_types/msg/keypoint2_di__type_support.cpp.o[0m
[ 20%] [32mBuilding CXX object CMakeFiles/scion_types__rosidl_typesupport_cpp.dir/rosidl_typesupport_cpp/scion_types/msg/pid_tuning__type_support.cpp.o[0m
[ 23%] [32mBuilding CXX object CMakeFiles/scion_types__rosidl_typesupport_cpp.dir/rosidl_typesupport_cpp/scion_types/msg/datapoint__type_support.cpp.o[0m
[ 23%] [32mBuilding CXX object CMakeFiles/scion_types__rosidl_typesupport_cpp.dir/rosidl_typesupport_cpp/scion_types/msg/can_frame__type_support.cpp.o[0m
[ 23%] [32mBuilding CXX object CMakeFiles/scion_types__rosidl_typesupport_cpp.dir/rosidl_typesupport_cpp/scion_types/msg/vision_object__type_support.cpp.o[0m
[35m[1mScanning dependencies of target scion_types__rosidl_typesupport_introspection_cpp[0m
[ 24%] [32mBuilding CXX object CMakeFiles/scion_types__rosidl_typesupport_introspection_cpp.dir/rosidl_typesupport_introspection_cpp/scion_types/msg/detail/can_frame__type_support.cpp.o[0m
[35m[1mScanning dependencies of target scion_types__rosidl_typesupport_c[0m
[ 25%] [32mBuilding CXX object CMakeFiles/scion_types__rosidl_typesupport_cpp.dir/rosidl_typesupport_cpp/scion_types/msg/zed_object__type_support.cpp.o[0m
[ 26%] [32mBuilding CXX object CMakeFiles/scion_types__rosidl_typesupport_cpp.dir/rosidl_typesupport_cpp/scion_types/srv/can_command__type_support.cpp.o[0m
[ 26%] [32mBuilding CXX object CMakeFiles/scion_types__rosidl_typesupport_introspection_cpp.dir/rosidl_typesupport_introspection_cpp/scion_types/msg/detail/datapoint__type_support.cpp.o[0m
[ 28%] [32mBuilding CXX object CMakeFiles/scion_types__rosidl_typesupport_introspection_cpp.dir/rosidl_typesupport_introspection_cpp/scion_types/msg/detail/idea__type_support.cpp.o[0m
[ 28%] [32mBuilding CXX object CMakeFiles/scion_types__rosidl_typesupport_cpp.dir/rosidl_typesupport_cpp/scion_types/srv/send_frame__type_support.cpp.o[0m
[ 29%] [32mBuilding CXX object CMakeFiles/scion_types__rosidl_typesupport_c.dir/rosidl_typesupport_c/scion_types/msg/can_frame__type_support.cpp.o[0m
[ 30%] [32mBuilding CXX object CMakeFiles/scion_types__rosidl_typesupport_c.dir/rosidl_typesupport_c/scion_types/msg/datapoint__type_support.cpp.o[0m
[ 31%] [32mBuilding CXX object CMakeFiles/scion_types__rosidl_typesupport_c.dir/rosidl_typesupport_c/scion_types/msg/idea__type_support.cpp.o[0m
[ 31%] [32mBuilding CXX object CMakeFiles/scion_types__rosidl_typesupport_introspection_cpp.dir/rosidl_typesupport_introspection_cpp/scion_types/msg/detail/keypoint2_di__type_support.cpp.o[0m
[35m[1mScanning dependencies of target scion_types__rosidl_typesupport_fastrtps_cpp[0m
[ 32%] [32mBuilding CXX object CMakeFiles/scion_types__rosidl_typesupport_c.dir/rosidl_typesupport_c/scion_types/msg/keypoint2_di__type_support.cpp.o[0m
[ 33%] [32mBuilding CXX object CMakeFiles/scion_types__rosidl_typesupport_c.dir/rosidl_typesupport_c/scion_types/msg/pid_tuning__type_support.cpp.o[0m
[ 34%] [32mBuilding CXX object CMakeFiles/scion_types__rosidl_typesupport_fastrtps_cpp.dir/rosidl_typesupport_fastrtps_cpp/scion_types/msg/detail/dds_fastrtps/can_frame__type_support.cpp.o[0m
[ 35%] [32mBuilding CXX object CMakeFiles/scion_types__rosidl_typesupport_c.dir/rosidl_typesupport_c/scion_types/msg/raw_data__type_support.cpp.o[0m
[ 36%] [32mBuilding CXX object CMakeFiles/scion_types__rosidl_typesupport_c.dir/rosidl_typesupport_c/scion_types/msg/sub_state__type_support.cpp.o[0m
[ 37%] [32mBuilding CXX object CMakeFiles/scion_types__rosidl_typesupport_c.dir/rosidl_typesupport_c/scion_types/msg/vision_object__type_support.cpp.o[0m
[ 38%] [32mBuilding CXX object CMakeFiles/scion_types__rosidl_typesupport_c.dir/rosidl_typesupport_c/scion_types/msg/zed_object__type_support.cpp.o[0m
[ 39%] [32mBuilding CXX object CMakeFiles/scion_types__rosidl_typesupport_fastrtps_cpp.dir/rosidl_typesupport_fastrtps_cpp/scion_types/msg/detail/dds_fastrtps/datapoint__type_support.cpp.o[0m
[ 40%] [32mBuilding CXX object CMakeFiles/scion_types__rosidl_typesupport_c.dir/rosidl_typesupport_c/scion_types/srv/can_command__type_support.cpp.o[0m
[ 42%] [32mBuilding CXX object CMakeFiles/scion_types__rosidl_typesupport_introspection_cpp.dir/rosidl_typesupport_introspection_cpp/scion_types/msg/detail/pid_tuning__type_support.cpp.o[0m
[ 42%] [32mBuilding CXX object CMakeFiles/scion_types__rosidl_typesupport_c.dir/rosidl_typesupport_c/scion_types/srv/send_frame__type_support.cpp.o[0m
[ 43%] [32m[1mLinking CXX shared library libscion_types__rosidl_typesupport_c.so[0m
[35m[1mScanning dependencies of target scion_types__rosidl_typesupport_introspection_c[0m
[ 43%] Built target scion_types__rosidl_typesupport_c
[ 44%] [32mBuilding C object CMakeFiles/scion_types__rosidl_typesupport_introspection_c.dir/rosidl_typesupport_introspection_c/scion_types/msg/detail/can_frame__type_support.c.o[0m
[ 45%] [32mBuilding CXX object CMakeFiles/scion_types__rosidl_typesupport_introspection_cpp.dir/rosidl_typesupport_introspection_cpp/scion_types/msg/detail/raw_data__type_support.cpp.o[0m
[ 46%] [32mBuilding C object CMakeFiles/scion_types__rosidl_typesupport_introspection_c.dir/rosidl_typesupport_introspection_c/scion_types/msg/detail/datapoint__type_support.c.o[0m
[ 48%] [32mBuilding C object CMakeFiles/scion_types__rosidl_typesupport_introspection_c.dir/rosidl_typesupport_introspection_c/scion_types/msg/detail/idea__type_support.c.o[0m
[ 48%] [32mBuilding CXX object CMakeFiles/scion_types__rosidl_typesupport_introspection_cpp.dir/rosidl_typesupport_introspection_cpp/scion_types/msg/detail/sub_state__type_support.cpp.o[0m
[ 50%] [32mBuilding CXX object CMakeFiles/scion_types__rosidl_typesupport_fastrtps_cpp.dir/rosidl_typesupport_fastrtps_cpp/scion_types/msg/detail/dds_fastrtps/idea__type_support.cpp.o[0m
[ 50%] [32mBuilding CXX object CMakeFiles/scion_types__rosidl_typesupport_introspection_cpp.dir/rosidl_typesupport_introspection_cpp/scion_types/msg/detail/vision_object__type_support.cpp.o[0m
[ 51%] [32m[1mLinking CXX shared library libscion_types__rosidl_typesupport_cpp.so[0m
[ 52%] [32mBuilding C object CMakeFiles/scion_types__rosidl_typesupport_introspection_c.dir/rosidl_typesupport_introspection_c/scion_types/msg/detail/keypoint2_di__type_support.c.o[0m
[ 53%] [32mBuilding C object CMakeFiles/scion_types__rosidl_typesupport_introspection_c.dir/rosidl_typesupport_introspection_c/scion_types/msg/detail/pid_tuning__type_support.c.o[0m
[ 54%] [32mBuilding CXX object CMakeFiles/scion_types__rosidl_typesupport_introspection_cpp.dir/rosidl_typesupport_introspection_cpp/scion_types/msg/detail/zed_object__type_support.cpp.o[0m
[ 55%] [32mBuilding CXX object CMakeFiles/scion_types__rosidl_typesupport_introspection_cpp.dir/rosidl_typesupport_introspection_cpp/scion_types/srv/detail/can_command__type_support.cpp.o[0m
[ 55%] Built target scion_types__rosidl_typesupport_cpp
[ 56%] [32mBuilding CXX object CMakeFiles/scion_types__rosidl_typesupport_fastrtps_cpp.dir/rosidl_typesupport_fastrtps_cpp/scion_types/msg/detail/dds_fastrtps/keypoint2_di__type_support.cpp.o[0m
[ 57%] [32mBuilding C object CMakeFiles/scion_types__rosidl_typesupport_introspection_c.dir/rosidl_typesupport_introspection_c/scion_types/msg/detail/raw_data__type_support.c.o[0m
[ 57%] [32mBuilding C object CMakeFiles/scion_types__rosidl_typesupport_introspection_c.dir/rosidl_typesupport_introspection_c/scion_types/msg/detail/sub_state__type_support.c.o[0m
[ 58%] [32mBuilding C object CMakeFiles/scion_types__rosidl_typesupport_introspection_c.dir/rosidl_typesupport_introspection_c/scion_types/msg/detail/vision_object__type_support.c.o[0m
[ 59%] [32mBuilding C object CMakeFiles/scion_types__rosidl_typesupport_introspection_c.dir/rosidl_typesupport_introspection_c/scion_types/msg/detail/zed_object__type_support.c.o[0m
[ 60%] [32mBuilding C object CMakeFiles/scion_types__rosidl_typesupport_introspection_c.dir/rosidl_typesupport_introspection_c/scion_types/srv/detail/can_command__type_support.c.o[0m
[ 61%] [32mBuilding CXX object CMakeFiles/scion_types__rosidl_typesupport_fastrtps_cpp.dir/rosidl_typesupport_fastrtps_cpp/scion_types/msg/detail/dds_fastrtps/pid_tuning__type_support.cpp.o[0m
[ 62%] [32mBuilding CXX object CMakeFiles/scion_types__rosidl_typesupport_fastrtps_cpp.dir/rosidl_typesupport_fastrtps_cpp/scion_types/msg/detail/dds_fastrtps/raw_data__type_support.cpp.o[0m
[ 63%] [32mBuilding C object CMakeFiles/scion_types__rosidl_typesupport_introspection_c.dir/rosidl_typesupport_introspection_c/scion_types/srv/detail/send_frame__type_support.c.o[0m
[ 64%] [32mBuilding CXX object CMakeFiles/scion_types__rosidl_typesupport_fastrtps_cpp.dir/rosidl_typesupport_fastrtps_cpp/scion_types/msg/detail/dds_fastrtps/sub_state__type_support.cpp.o[0m
[ 65%] [32m[1mLinking C shared library libscion_types__rosidl_typesupport_introspection_c.so[0m
[ 66%] [32mBuilding CXX object CMakeFiles/scion_types__rosidl_typesupport_fastrtps_cpp.dir/rosidl_typesupport_fastrtps_cpp/scion_types/msg/detail/dds_fastrtps/vision_object__type_support.cpp.o[0m
[ 66%] Built target scion_types__rosidl_typesupport_introspection_c
[ 68%] [32mBuilding CXX object CMakeFiles/scion_types__rosidl_typesupport_introspection_cpp.dir/rosidl_typesupport_introspection_cpp/scion_types/srv/detail/send_frame__type_support.cpp.o[0m
[ 68%] [32mBuilding CXX object CMakeFiles/scion_types__rosidl_typesupport_fastrtps_cpp.dir/rosidl_typesupport_fastrtps_cpp/scion_types/msg/detail/dds_fastrtps/zed_object__type_support.cpp.o[0m
[ 68%] [32mBuilding CXX object CMakeFiles/scion_types__rosidl_typesupport_fastrtps_cpp.dir/rosidl_typesupport_fastrtps_cpp/scion_types/srv/detail/dds_fastrtps/can_command__type_support.cpp.o[0m
[ 69%] [32mBuilding CXX object CMakeFiles/scion_types__rosidl_typesupport_fastrtps_cpp.dir/rosidl_typesupport_fastrtps_cpp/scion_types/srv/detail/dds_fastrtps/send_frame__type_support.cpp.o[0m
[ 70%] [32m[1mLinking CXX shared library libscion_types__rosidl_typesupport_introspection_cpp.so[0m
[ 70%] Built target scion_types__rosidl_typesupport_introspection_cpp
[ 71%] [32m[1mLinking CXX shared library libscion_types__rosidl_typesupport_fastrtps_cpp.so[0m
[ 71%] Built target scion_types__rosidl_typesupport_fastrtps_cpp
[ 72%] [34m[1mGenerating C type support for eProsima Fast-RTPS[0m
[35m[1mScanning dependencies of target scion_types__rosidl_typesupport_fastrtps_c[0m
[ 78%] [32mBuilding CXX object CMakeFiles/scion_types__rosidl_typesupport_fastrtps_c.dir/rosidl_typesupport_fastrtps_c/scion_types/msg/detail/datapoint__type_support_c.cpp.o[0m
[ 78%] [32mBuilding CXX object CMakeFiles/scion_types__rosidl_typesupport_fastrtps_c.dir/rosidl_typesupport_fastrtps_c/scion_types/msg/detail/keypoint2_di__type_support_c.cpp.o[0m
[ 78%] [32mBuilding CXX object CMakeFiles/scion_types__rosidl_typesupport_fastrtps_c.dir/rosidl_typesupport_fastrtps_c/scion_types/msg/detail/idea__type_support_c.cpp.o[0m
[ 78%] [32mBuilding CXX object CMakeFiles/scion_types__rosidl_typesupport_fastrtps_c.dir/rosidl_typesupport_fastrtps_c/scion_types/msg/detail/vision_object__type_support_c.cpp.o[0m
[ 78%] [32mBuilding CXX object CMakeFiles/scion_types__rosidl_typesupport_fastrtps_c.dir/rosidl_typesupport_fastrtps_c/scion_types/msg/detail/can_frame__type_support_c.cpp.o[0m
[ 79%] [32mBuilding CXX object CMakeFiles/scion_types__rosidl_typesupport_fastrtps_c.dir/rosidl_typesupport_fastrtps_c/scion_types/msg/detail/pid_tuning__type_support_c.cpp.o[0m
[ 79%] [32mBuilding CXX object CMakeFiles/scion_types__rosidl_typesupport_fastrtps_c.dir/rosidl_typesupport_fastrtps_c/scion_types/msg/detail/zed_object__type_support_c.cpp.o[0m
[ 78%] [32mBuilding CXX object CMakeFiles/scion_types__rosidl_typesupport_fastrtps_c.dir/rosidl_typesupport_fastrtps_c/scion_types/msg/detail/sub_state__type_support_c.cpp.o[0m
[ 80%] [32mBuilding CXX object CMakeFiles/scion_types__rosidl_typesupport_fastrtps_c.dir/rosidl_typesupport_fastrtps_c/scion_types/msg/detail/raw_data__type_support_c.cpp.o[0m
[ 82%] [32mBuilding CXX object CMakeFiles/scion_types__rosidl_typesupport_fastrtps_c.dir/rosidl_typesupport_fastrtps_c/scion_types/srv/detail/can_command__type_support_c.cpp.o[0m
[ 82%] [32mBuilding CXX object CMakeFiles/scion_types__rosidl_typesupport_fastrtps_c.dir/rosidl_typesupport_fastrtps_c/scion_types/srv/detail/send_frame__type_support_c.cpp.o[0m
[ 83%] [32m[1mLinking CXX shared library libscion_types__rosidl_typesupport_fastrtps_c.so[0m
[ 83%] Built target scion_types__rosidl_typesupport_fastrtps_c
[35m[1mScanning dependencies of target scion_types[0m
[ 83%] Built target scion_types
[35m[1mScanning dependencies of target scion_types__py[0m
[ 84%] [34m[1mGenerating Python code for ROS interfaces[0m
[ 84%] Built target scion_types__py
[35m[1mScanning dependencies of target scion_types__python[0m
[ 90%] [32mBuilding C object CMakeFiles/scion_types__python.dir/rosidl_generator_py/scion_types/msg/_sub_state_s.c.o[0m
[ 90%] [32mBuilding C object CMakeFiles/scion_types__python.dir/rosidl_generator_py/scion_types/msg/_vision_object_s.c.o[0m
[ 90%] [32mBuilding C object CMakeFiles/scion_types__python.dir/rosidl_generator_py/scion_types/msg/_pid_tuning_s.c.o[0m
[ 94%] [32mBuilding C object CMakeFiles/scion_types__python.dir/rosidl_generator_py/scion_types/msg/_raw_data_s.c.o[0m
[ 90%] [32mBuilding C object CMakeFiles/scion_types__python.dir/rosidl_generator_py/scion_types/msg/_zed_object_s.c.o[0m
[ 94%] [32mBuilding C object CMakeFiles/scion_types__python.dir/rosidl_generator_py/scion_types/srv/_send_frame_s.c.o[0m
[ 94%] [32mBuilding C object CMakeFiles/scion_types__python.dir/rosidl_generator_py/scion_types/msg/_idea_s.c.o[0m
[ 94%] [32mBuilding C object CMakeFiles/scion_types__python.dir/rosidl_generator_py/scion_types/srv/_can_command_s.c.o[0m
[ 94%] [32mBuilding C object CMakeFiles/scion_types__python.dir/rosidl_generator_py/scion_types/msg/_keypoint2_di_s.c.o[0m
[ 94%] [32mBuilding C object CMakeFiles/scion_types__python.dir/rosidl_generator_py/scion_types/msg/_can_frame_s.c.o[0m
[ 90%] [32mBuilding C object CMakeFiles/scion_types__python.dir/rosidl_generator_py/scion_types/msg/_datapoint_s.c.o[0m
[ 95%] [32m[1mLinking C shared library rosidl_generator_py/scion_types/libscion_types__python.so[0m
[ 95%] Built target scion_types__python
[35m[1mScanning dependencies of target scion_types__rosidl_typesupport_introspection_c__pyext[0m
[35m[1mScanning dependencies of target scion_types__rosidl_typesupport_c__pyext[0m
[35m[1mScanning dependencies of target scion_types__rosidl_typesupport_fastrtps_c__pyext[0m
[ 96%] [32mBuilding C object CMakeFiles/scion_types__rosidl_typesupport_c__pyext.dir/rosidl_generator_py/scion_types/_scion_types_s.ep.rosidl_typesupport_c.c.o[0m
[ 97%] [32mBuilding C object CMakeFiles/scion_types__rosidl_typesupport_introspection_c__pyext.dir/rosidl_generator_py/scion_types/_scion_types_s.ep.rosidl_typesupport_introspection_c.c.o[0m
[ 97%] [32mBuilding C object CMakeFiles/scion_types__rosidl_typesupport_fastrtps_c__pyext.dir/rosidl_generator_py/scion_types/_scion_types_s.ep.rosidl_typesupport_fastrtps_c.c.o[0m
[ 99%] [32m[1mLinking C shared library rosidl_generator_py/scion_types/scion_types_s__rosidl_typesupport_introspection_c.cpython-38-aarch64-linux-gnu.so[0m
[ 99%] [32m[1mLinking C shared library rosidl_generator_py/scion_types/scion_types_s__rosidl_typesupport_c.cpython-38-aarch64-linux-gnu.so[0m
[100%] [32m[1mLinking CXX shared library rosidl_generator_py/scion_types/scion_types_s__rosidl_typesupport_fastrtps_c.cpython-38-aarch64-linux-gnu.so[0m
[100%] Built target scion_types__rosidl_typesupport_c__pyext
[100%] Built target scion_types__rosidl_typesupport_introspection_c__pyext
[100%] Built target scion_types__rosidl_typesupport_fastrtps_c__pyext
-- Install configuration: ""
-- Installing: /home/mechatronics/core_dependencies/scion_types/install/scion_types/share/ament_index/resource_index/rosidl_interfaces/scion_types
-- Installing: /home/mechatronics/core_dependencies/scion_types/install/scion_types/include/scion_types
-- Installing: /home/mechatronics/core_dependencies/scion_types/install/scion_types/include/scion_types/srv
-- Installing: /home/mechatronics/core_dependencies/scion_types/install/scion_types/include/scion_types/srv/can_command.h
-- Installing: /home/mechatronics/core_dependencies/scion_types/install/scion_types/include/scion_types/srv/send_frame.h
-- Installing: /home/mechatronics/core_dependencies/scion_types/install/scion_types/include/scion_types/srv/detail
-- Installing: /home/mechatronics/core_dependencies/scion_types/install/scion_types/include/scion_types/srv/detail/can_command__type_support.h
-- Installing: /home/mechatronics/core_dependencies/scion_types/install/scion_types/include/scion_types/srv/detail/send_frame__functions.c
-- Installing: /home/mechatronics/core_dependencies/scion_types/install/scion_types/include/scion_types/srv/detail/send_frame__struct.h
-- Installing: /home/mechatronics/core_dependencies/scion_types/install/scion_types/include/scion_types/srv/detail/can_command__functions.c
-- Installing: /home/mechatronics/core_dependencies/scion_types/install/scion_types/include/scion_types/srv/detail/can_command__functions.h
-- Installing: /home/mechatronics/core_dependencies/scion_types/install/scion_types/include/scion_types/srv/detail/can_command__struct.h
-- Installing: /home/mechatronics/core_dependencies/scion_types/install/scion_types/include/scion_types/srv/detail/send_frame__functions.h
-- Installing: /home/mechatronics/core_dependencies/scion_types/install/scion_types/include/scion_types/srv/detail/send_frame__type_support.h
-- Installing: /home/mechatronics/core_dependencies/scion_types/install/scion_types/include/scion_types/msg
-- Installing: /home/mechatronics/core_dependencies/scion_types/install/scion_types/include/scion_types/msg/can_frame.h
-- Installing: /home/mechatronics/core_dependencies/scion_types/install/scion_types/include/scion_types/msg/sub_state.h
-- Installing: /home/mechatronics/core_dependencies/scion_types/install/scion_types/include/scion_types/msg/rosidl_generator_c__visibility_control.h
-- Installing: /home/mechatronics/core_dependencies/scion_types/install/scion_types/include/scion_types/msg/zed_object.h
-- Installing: /home/mechatronics/core_dependencies/scion_types/install/scion_types/include/scion_types/msg/keypoint2_di.h
-- Installing: /home/mechatronics/core_dependencies/scion_types/install/scion_types/include/scion_types/msg/detail
-- Installing: /home/mechatronics/core_dependencies/scion_types/install/scion_types/include/scion_types/msg/detail/idea__functions.h
-- Installing: /home/mechatronics/core_dependencies/scion_types/install/scion_types/include/scion_types/msg/detail/can_frame__functions.h
-- Installing: /home/mechatronics/core_dependencies/scion_types/install/scion_types/include/scion_types/msg/detail/pid_tuning__functions.c
-- Installing: /home/mechatronics/core_dependencies/scion_types/install/scion_types/include/scion_types/msg/detail/zed_object__type_support.h
-- Installing: /home/mechatronics/core_dependencies/scion_types/install/scion_types/include/scion_types/msg/detail/datapoint__struct.h
-- Installing: /home/mechatronics/core_dependencies/scion_types/install/scion_types/include/scion_types/msg/detail/raw_data__type_support.h
-- Installing: /home/mechatronics/core_dependencies/scion_types/install/scion_types/include/scion_types/msg/detail/sub_state__struct.h
-- Installing: /home/mechatronics/core_dependencies/scion_types/install/scion_types/include/scion_types/msg/detail/raw_data__functions.h
-- Installing: /home/mechatronics/core_dependencies/scion_types/install/scion_types/include/scion_types/msg/detail/can_frame__functions.c
-- Installing: /home/mechatronics/core_dependencies/scion_types/install/scion_types/include/scion_types/msg/detail/keypoint2_di__type_support.h
-- Installing: /home/mechatronics/core_dependencies/scion_types/install/scion_types/include/scion_types/msg/detail/pid_tuning__struct.h
-- Installing: /home/mechatronics/core_dependencies/scion_types/install/scion_types/include/scion_types/msg/detail/idea__struct.h
-- Installing: /home/mechatronics/core_dependencies/scion_types/install/scion_types/include/scion_types/msg/detail/sub_state__functions.c
-- Installing: /home/mechatronics/core_dependencies/scion_types/install/scion_types/include/scion_types/msg/detail/zed_object__functions.c
-- Installing: /home/mechatronics/core_dependencies/scion_types/install/scion_types/include/scion_types/msg/detail/zed_object__functions.h
-- Installing: /home/mechatronics/core_dependencies/scion_types/install/scion_types/include/scion_types/msg/detail/can_frame__type_support.h
-- Installing: /home/mechatronics/core_dependencies/scion_types/install/scion_types/include/scion_types/msg/detail/can_frame__struct.h
-- Installing: /home/mechatronics/core_dependencies/scion_types/install/scion_types/include/scion_types/msg/detail/keypoint2_di__functions.h
-- Installing: /home/mechatronics/core_dependencies/scion_types/install/scion_types/include/scion_types/msg/detail/keypoint2_di__struct.h
-- Installing: /home/mechatronics/core_dependencies/scion_types/install/scion_types/include/scion_types/msg/detail/idea__functions.c
-- Installing: /home/mechatronics/core_dependencies/scion_types/install/scion_types/include/scion_types/msg/detail/raw_data__functions.c
-- Installing: /home/mechatronics/core_dependencies/scion_types/install/scion_types/include/scion_types/msg/detail/datapoint__functions.h
-- Installing: /home/mechatronics/core_dependencies/scion_types/install/scion_types/include/scion_types/msg/detail/keypoint2_di__functions.c
-- Installing: /home/mechatronics/core_dependencies/scion_types/install/scion_types/include/scion_types/msg/detail/pid_tuning__functions.h
-- Installing: /home/mechatronics/core_dependencies/scion_types/install/scion_types/include/scion_types/msg/detail/sub_state__type_support.h
-- Installing: /home/mechatronics/core_dependencies/scion_types/install/scion_types/include/scion_types/msg/detail/vision_object__type_support.h
-- Installing: /home/mechatronics/core_dependencies/scion_types/install/scion_types/include/scion_types/msg/detail/zed_object__struct.h
-- Installing: /home/mechatronics/core_dependencies/scion_types/install/scion_types/include/scion_types/msg/detail/raw_data__struct.h
-- Installing: /home/mechatronics/core_dependencies/scion_types/install/scion_types/include/scion_types/msg/detail/vision_object__functions.h
-- Installing: /home/mechatronics/core_dependencies/scion_types/install/scion_types/include/scion_types/msg/detail/vision_object__struct.h
-- Installing: /home/mechatronics/core_dependencies/scion_types/install/scion_types/include/scion_types/msg/detail/sub_state__functions.h
-- Installing: /home/mechatronics/core_dependencies/scion_types/install/scion_types/include/scion_types/msg/detail/datapoint__type_support.h
-- Installing: /home/mechatronics/core_dependencies/scion_types/install/scion_types/include/scion_types/msg/detail/datapoint__functions.c
-- Installing: /home/mechatronics/core_dependencies/scion_types/install/scion_types/include/scion_types/msg/detail/pid_tuning__type_support.h
-- Installing: /home/mechatronics/core_dependencies/scion_types/install/scion_types/include/scion_types/msg/detail/vision_object__functions.c
-- Installing: /home/mechatronics/core_dependencies/scion_types/install/scion_types/include/scion_types/msg/detail/idea__type_support.h
-- Installing: /home/mechatronics/core_dependencies/scion_types/install/scion_types/include/scion_types/msg/datapoint.h
-- Installing: /home/mechatronics/core_dependencies/scion_types/install/scion_types/include/scion_types/msg/vision_object.h
-- Installing: /home/mechatronics/core_dependencies/scion_types/install/scion_types/include/scion_types/msg/pid_tuning.h
-- Installing: /home/mechatronics/core_dependencies/scion_types/install/scion_types/include/scion_types/msg/raw_data.h
-- Installing: /home/mechatronics/core_dependencies/scion_types/install/scion_types/include/scion_types/msg/idea.h
-- Installing: /home/mechatronics/core_dependencies/scion_types/install/scion_types/share/scion_types/environment/library_path.sh
-- Installing: /home/mechatronics/core_dependencies/scion_types/install/scion_types/share/scion_types/environment/library_path.dsv
-- Installing: /home/mechatronics/core_dependencies/scion_types/install/scion_types/lib/libscion_types__rosidl_generator_c.so
-- Set runtime path of "/home/mechatronics/core_dependencies/scion_types/install/scion_types/lib/libscion_types__rosidl_generator_c.so" to ""
-- Up-to-date: /home/mechatronics/core_dependencies/scion_types/install/scion_types/include/scion_types
-- Up-to-date: /home/mechatronics/core_dependencies/scion_types/install/scion_types/include/scion_types/srv
-- Up-to-date: /home/mechatronics/core_dependencies/scion_types/install/scion_types/include/scion_types/srv/detail
-- Installing: /home/mechatronics/core_dependencies/scion_types/install/scion_types/include/scion_types/srv/detail/can_command__rosidl_typesupport_fastrtps_c.h
-- Installing: /home/mechatronics/core_dependencies/scion_types/install/scion_types/include/scion_types/srv/detail/send_frame__rosidl_typesupport_fastrtps_c.h
-- Up-to-date: /home/mechatronics/core_dependencies/scion_types/install/scion_types/include/scion_types/msg
-- Installing: /home/mechatronics/core_dependencies/scion_types/install/scion_types/include/scion_types/msg/rosidl_typesupport_fastrtps_c__visibility_control.h
-- Up-to-date: /home/mechatronics/core_dependencies/scion_types/install/scion_types/include/scion_types/msg/detail
-- Installing: /home/mechatronics/core_dependencies/scion_types/install/scion_types/include/scion_types/msg/detail/can_frame__rosidl_typesupport_fastrtps_c.h
-- Installing: /home/mechatronics/core_dependencies/scion_types/install/scion_types/include/scion_types/msg/detail/raw_data__rosidl_typesupport_fastrtps_c.h
-- Installing: /home/mechatronics/core_dependencies/scion_types/install/scion_types/include/scion_types/msg/detail/zed_object__rosidl_typesupport_fastrtps_c.h
-- Installing: /home/mechatronics/core_dependencies/scion_types/install/scion_types/include/scion_types/msg/detail/vision_object__rosidl_typesupport_fastrtps_c.h
-- Installing: /home/mechatronics/core_dependencies/scion_types/install/scion_types/include/scion_types/msg/detail/idea__rosidl_typesupport_fastrtps_c.h
-- Installing: /home/mechatronics/core_dependencies/scion_types/install/scion_types/include/scion_types/msg/detail/keypoint2_di__rosidl_typesupport_fastrtps_c.h
-- Installing: /home/mechatronics/core_dependencies/scion_types/install/scion_types/include/scion_types/msg/detail/pid_tuning__rosidl_typesupport_fastrtps_c.h
-- Installing: /home/mechatronics/core_dependencies/scion_types/install/scion_types/include/scion_types/msg/detail/datapoint__rosidl_typesupport_fastrtps_c.h
-- Installing: /home/mechatronics/core_dependencies/scion_types/install/scion_types/include/scion_types/msg/detail/sub_state__rosidl_typesupport_fastrtps_c.h
-- Installing: /home/mechatronics/core_dependencies/scion_types/install/scion_types/lib/libscion_types__rosidl_typesupport_fastrtps_c.so
-- Set runtime path of "/home/mechatronics/core_dependencies/scion_types/install/scion_types/lib/libscion_types__rosidl_typesupport_fastrtps_c.so" to ""
-- Up-to-date: /home/mechatronics/core_dependencies/scion_types/install/scion_types/include/scion_types
-- Up-to-date: /home/mechatronics/core_dependencies/scion_types/install/scion_types/include/scion_types/srv
-- Up-to-date: /home/mechatronics/core_dependencies/scion_types/install/scion_types/include/scion_types/srv/detail
-- Installing: /home/mechatronics/core_dependencies/scion_types/install/scion_types/include/scion_types/srv/detail/can_command__rosidl_typesupport_fastrtps_cpp.hpp
-- Installing: /home/mechatronics/core_dependencies/scion_types/install/scion_types/include/scion_types/srv/detail/send_frame__rosidl_typesupport_fastrtps_cpp.hpp
-- Installing: /home/mechatronics/core_dependencies/scion_types/install/scion_types/include/scion_types/srv/detail/dds_fastrtps
-- Up-to-date: /home/mechatronics/core_dependencies/scion_types/install/scion_types/include/scion_types/msg
-- Up-to-date: /home/mechatronics/core_dependencies/scion_types/install/scion_types/include/scion_types/msg/detail
-- Installing: /home/mechatronics/core_dependencies/scion_types/install/scion_types/include/scion_types/msg/detail/keypoint2_di__rosidl_typesupport_fastrtps_cpp.hpp
-- Installing: /home/mechatronics/core_dependencies/scion_types/install/scion_types/include/scion_types/msg/detail/sub_state__rosidl_typesupport_fastrtps_cpp.hpp
-- Installing: /home/mechatronics/core_dependencies/scion_types/install/scion_types/include/scion_types/msg/detail/raw_data__rosidl_typesupport_fastrtps_cpp.hpp
-- Installing: /home/mechatronics/core_dependencies/scion_types/install/scion_types/include/scion_types/msg/detail/datapoint__rosidl_typesupport_fastrtps_cpp.hpp
-- Installing: /home/mechatronics/core_dependencies/scion_types/install/scion_types/include/scion_types/msg/detail/dds_fastrtps
-- Installing: /home/mechatronics/core_dependencies/scion_types/install/scion_types/include/scion_types/msg/detail/zed_object__rosidl_typesupport_fastrtps_cpp.hpp
-- Installing: /home/mechatronics/core_dependencies/scion_types/install/scion_types/include/scion_types/msg/detail/can_frame__rosidl_typesupport_fastrtps_cpp.hpp
-- Installing: /home/mechatronics/core_dependencies/scion_types/install/scion_types/include/scion_types/msg/detail/vision_object__rosidl_typesupport_fastrtps_cpp.hpp
-- Installing: /home/mechatronics/core_dependencies/scion_types/install/scion_types/include/scion_types/msg/detail/idea__rosidl_typesupport_fastrtps_cpp.hpp
-- Installing: /home/mechatronics/core_dependencies/scion_types/install/scion_types/include/scion_types/msg/detail/pid_tuning__rosidl_typesupport_fastrtps_cpp.hpp
-- Installing: /home/mechatronics/core_dependencies/scion_types/install/scion_types/include/scion_types/msg/rosidl_typesupport_fastrtps_cpp__visibility_control.h
-- Installing: /home/mechatronics/core_dependencies/scion_types/install/scion_types/lib/libscion_types__rosidl_typesupport_fastrtps_cpp.so
-- Set runtime path of "/home/mechatronics/core_dependencies/scion_types/install/scion_types/lib/libscion_types__rosidl_typesupport_fastrtps_cpp.so" to ""
-- Up-to-date: /home/mechatronics/core_dependencies/scion_types/install/scion_types/include/scion_types
-- Up-to-date: /home/mechatronics/core_dependencies/scion_types/install/scion_types/include/scion_types/srv
-- Up-to-date: /home/mechatronics/core_dependencies/scion_types/install/scion_types/include/scion_types/srv/detail
-- Installing: /home/mechatronics/core_dependencies/scion_types/install/scion_types/include/scion_types/srv/detail/can_command__type_support.c
-- Installing: /home/mechatronics/core_dependencies/scion_types/install/scion_types/include/scion_types/srv/detail/send_frame__type_support.c
-- Installing: /home/mechatronics/core_dependencies/scion_types/install/scion_types/include/scion_types/srv/detail/send_frame__rosidl_typesupport_introspection_c.h
-- Installing: /home/mechatronics/core_dependencies/scion_types/install/scion_types/include/scion_types/srv/detail/can_command__rosidl_typesupport_introspection_c.h
-- Up-to-date: /home/mechatronics/core_dependencies/scion_types/install/scion_types/include/scion_types/msg
-- Up-to-date: /home/mechatronics/core_dependencies/scion_types/install/scion_types/include/scion_types/msg/detail
-- Installing: /home/mechatronics/core_dependencies/scion_types/install/scion_types/include/scion_types/msg/detail/keypoint2_di__rosidl_typesupport_introspection_c.h
-- Installing: /home/mechatronics/core_dependencies/scion_types/install/scion_types/include/scion_types/msg/detail/vision_object__rosidl_typesupport_introspection_c.h
-- Installing: /home/mechatronics/core_dependencies/scion_types/install/scion_types/include/scion_types/msg/detail/can_frame__type_support.c
-- Installing: /home/mechatronics/core_dependencies/scion_types/install/scion_types/include/scion_types/msg/detail/raw_data__rosidl_typesupport_introspection_c.h
-- Installing: /home/mechatronics/core_dependencies/scion_types/install/scion_types/include/scion_types/msg/detail/pid_tuning__rosidl_typesupport_introspection_c.h
-- Installing: /home/mechatronics/core_dependencies/scion_types/install/scion_types/include/scion_types/msg/detail/idea__rosidl_typesupport_introspection_c.h
-- Installing: /home/mechatronics/core_dependencies/scion_types/install/scion_types/include/scion_types/msg/detail/keypoint2_di__type_support.c
-- Installing: /home/mechatronics/core_dependencies/scion_types/install/scion_types/include/scion_types/msg/detail/can_frame__rosidl_typesupport_introspection_c.h
-- Installing: /home/mechatronics/core_dependencies/scion_types/install/scion_types/include/scion_types/msg/detail/raw_data__type_support.c
-- Installing: /home/mechatronics/core_dependencies/scion_types/install/scion_types/include/scion_types/msg/detail/datapoint__rosidl_typesupport_introspection_c.h
-- Installing: /home/mechatronics/core_dependencies/scion_types/install/scion_types/include/scion_types/msg/detail/vision_object__type_support.c
-- Installing: /home/mechatronics/core_dependencies/scion_types/install/scion_types/include/scion_types/msg/detail/sub_state__rosidl_typesupport_introspection_c.h
-- Installing: /home/mechatronics/core_dependencies/scion_types/install/scion_types/include/scion_types/msg/detail/datapoint__type_support.c
-- Installing: /home/mechatronics/core_dependencies/scion_types/install/scion_types/include/scion_types/msg/detail/sub_state__type_support.c
-- Installing: /home/mechatronics/core_dependencies/scion_types/install/scion_types/include/scion_types/msg/detail/pid_tuning__type_support.c
-- Installing: /home/mechatronics/core_dependencies/scion_types/install/scion_types/include/scion_types/msg/detail/zed_object__rosidl_typesupport_introspection_c.h
-- Installing: /home/mechatronics/core_dependencies/scion_types/install/scion_types/include/scion_types/msg/detail/zed_object__type_support.c
-- Installing: /home/mechatronics/core_dependencies/scion_types/install/scion_types/include/scion_types/msg/detail/idea__type_support.c
-- Installing: /home/mechatronics/core_dependencies/scion_types/install/scion_types/include/scion_types/msg/rosidl_typesupport_introspection_c__visibility_control.h
-- Installing: /home/mechatronics/core_dependencies/scion_types/install/scion_types/lib/libscion_types__rosidl_typesupport_introspection_c.so
-- Set runtime path of "/home/mechatronics/core_dependencies/scion_types/install/scion_types/lib/libscion_types__rosidl_typesupport_introspection_c.so" to ""
-- Installing: /home/mechatronics/core_dependencies/scion_types/install/scion_types/lib/libscion_types__rosidl_typesupport_c.so
-- Set runtime path of "/home/mechatronics/core_dependencies/scion_types/install/scion_types/lib/libscion_types__rosidl_typesupport_c.so" to ""
-- Up-to-date: /home/mechatronics/core_dependencies/scion_types/install/scion_types/include/scion_types
-- Up-to-date: /home/mechatronics/core_dependencies/scion_types/install/scion_types/include/scion_types/srv
-- Installing: /home/mechatronics/core_dependencies/scion_types/install/scion_types/include/scion_types/srv/send_frame.hpp
-- Up-to-date: /home/mechatronics/core_dependencies/scion_types/install/scion_types/include/scion_types/srv/detail
-- Installing: /home/mechatronics/core_dependencies/scion_types/install/scion_types/include/scion_types/srv/detail/send_frame__struct.hpp
-- Installing: /home/mechatronics/core_dependencies/scion_types/install/scion_types/include/scion_types/srv/detail/can_command__type_support.hpp
-- Installing: /home/mechatronics/core_dependencies/scion_types/install/scion_types/include/scion_types/srv/detail/send_frame__builder.hpp
-- Installing: /home/mechatronics/core_dependencies/scion_types/install/scion_types/include/scion_types/srv/detail/can_command__traits.hpp
-- Installing: /home/mechatronics/core_dependencies/scion_types/install/scion_types/include/scion_types/srv/detail/can_command__builder.hpp
-- Installing: /home/mechatronics/core_dependencies/scion_types/install/scion_types/include/scion_types/srv/detail/send_frame__traits.hpp
-- Installing: /home/mechatronics/core_dependencies/scion_types/install/scion_types/include/scion_types/srv/detail/send_frame__type_support.hpp
-- Installing: /home/mechatronics/core_dependencies/scion_types/install/scion_types/include/scion_types/srv/detail/can_command__struct.hpp
-- Installing: /home/mechatronics/core_dependencies/scion_types/install/scion_types/include/scion_types/srv/can_command.hpp
-- Up-to-date: /home/mechatronics/core_dependencies/scion_types/install/scion_types/include/scion_types/msg
-- Installing: /home/mechatronics/core_dependencies/scion_types/install/scion_types/include/scion_types/msg/pid_tuning.hpp
-- Installing: /home/mechatronics/core_dependencies/scion_types/install/scion_types/include/scion_types/msg/zed_object.hpp
-- Installing: /home/mechatronics/core_dependencies/scion_types/install/scion_types/include/scion_types/msg/sub_state.hpp
-- Installing: /home/mechatronics/core_dependencies/scion_types/install/scion_types/include/scion_types/msg/can_frame.hpp
-- Up-to-date: /home/mechatronics/core_dependencies/scion_types/install/scion_types/include/scion_types/msg/detail
-- Installing: /home/mechatronics/core_dependencies/scion_types/install/scion_types/include/scion_types/msg/detail/idea__builder.hpp
-- Installing: /home/mechatronics/core_dependencies/scion_types/install/scion_types/include/scion_types/msg/detail/can_frame__traits.hpp
-- Installing: /home/mechatronics/core_dependencies/scion_types/install/scion_types/include/scion_types/msg/detail/can_frame__struct.hpp
-- Installing: /home/mechatronics/core_dependencies/scion_types/install/scion_types/include/scion_types/msg/detail/sub_state__traits.hpp
-- Installing: /home/mechatronics/core_dependencies/scion_types/install/scion_types/include/scion_types/msg/detail/idea__type_support.hpp
-- Installing: /home/mechatronics/core_dependencies/scion_types/install/scion_types/include/scion_types/msg/detail/idea__traits.hpp
-- Installing: /home/mechatronics/core_dependencies/scion_types/install/scion_types/include/scion_types/msg/detail/zed_object__type_support.hpp
-- Installing: /home/mechatronics/core_dependencies/scion_types/install/scion_types/include/scion_types/msg/detail/keypoint2_di__type_support.hpp
-- Installing: /home/mechatronics/core_dependencies/scion_types/install/scion_types/include/scion_types/msg/detail/raw_data__type_support.hpp
-- Installing: /home/mechatronics/core_dependencies/scion_types/install/scion_types/include/scion_types/msg/detail/raw_data__builder.hpp
-- Installing: /home/mechatronics/core_dependencies/scion_types/install/scion_types/include/scion_types/msg/detail/can_frame__type_support.hpp
-- Installing: /home/mechatronics/core_dependencies/scion_types/install/scion_types/include/scion_types/msg/detail/keypoint2_di__traits.hpp
-- Installing: /home/mechatronics/core_dependencies/scion_types/install/scion_types/include/scion_types/msg/detail/datapoint__traits.hpp
-- Installing: /home/mechatronics/core_dependencies/scion_types/install/scion_types/include/scion_types/msg/detail/can_frame__builder.hpp
-- Installing: /home/mechatronics/core_dependencies/scion_types/install/scion_types/include/scion_types/msg/detail/raw_data__traits.hpp
-- Installing: /home/mechatronics/core_dependencies/scion_types/install/scion_types/include/scion_types/msg/detail/datapoint__type_support.hpp
-- Installing: /home/mechatronics/core_dependencies/scion_types/install/scion_types/include/scion_types/msg/detail/pid_tuning__struct.hpp
-- Installing: /home/mechatronics/core_dependencies/scion_types/install/scion_types/include/scion_types/msg/detail/keypoint2_di__builder.hpp
-- Installing: /home/mechatronics/core_dependencies/scion_types/install/scion_types/include/scion_types/msg/detail/datapoint__struct.hpp
-- Installing: /home/mechatronics/core_dependencies/scion_types/install/scion_types/include/scion_types/msg/detail/zed_object__builder.hpp
-- Installing: /home/mechatronics/core_dependencies/scion_types/install/scion_types/include/scion_types/msg/detail/sub_state__builder.hpp
-- Installing: /home/mechatronics/core_dependencies/scion_types/install/scion_types/include/scion_types/msg/detail/vision_object__traits.hpp
-- Installing: /home/mechatronics/core_dependencies/scion_types/install/scion_types/include/scion_types/msg/detail/sub_state__struct.hpp
-- Installing: /home/mechatronics/core_dependencies/scion_types/install/scion_types/include/scion_types/msg/detail/raw_data__struct.hpp
-- Installing: /home/mechatronics/core_dependencies/scion_types/install/scion_types/include/scion_types/msg/detail/vision_object__struct.hpp
-- Installing: /home/mechatronics/core_dependencies/scion_types/install/scion_types/include/scion_types/msg/detail/idea__struct.hpp
-- Installing: /home/mechatronics/core_dependencies/scion_types/install/scion_types/include/scion_types/msg/detail/pid_tuning__type_support.hpp
-- Installing: /home/mechatronics/core_dependencies/scion_types/install/scion_types/include/scion_types/msg/detail/sub_state__type_support.hpp
-- Installing: /home/mechatronics/core_dependencies/scion_types/install/scion_types/include/scion_types/msg/detail/vision_object__type_support.hpp
-- Installing: /home/mechatronics/core_dependencies/scion_types/install/scion_types/include/scion_types/msg/detail/zed_object__struct.hpp
-- Installing: /home/mechatronics/core_dependencies/scion_types/install/scion_types/include/scion_types/msg/detail/datapoint__builder.hpp
-- Installing: /home/mechatronics/core_dependencies/scion_types/install/scion_types/include/scion_types/msg/detail/vision_object__builder.hpp
-- Installing: /home/mechatronics/core_dependencies/scion_types/install/scion_types/include/scion_types/msg/detail/zed_object__traits.hpp
-- Installing: /home/mechatronics/core_dependencies/scion_types/install/scion_types/include/scion_types/msg/detail/pid_tuning__builder.hpp
-- Installing: /home/mechatronics/core_dependencies/scion_types/install/scion_types/include/scion_types/msg/detail/keypoint2_di__struct.hpp
-- Installing: /home/mechatronics/core_dependencies/scion_types/install/scion_types/include/scion_types/msg/detail/pid_tuning__traits.hpp
-- Installing: /home/mechatronics/core_dependencies/scion_types/install/scion_types/include/scion_types/msg/keypoint2_di.hpp
-- Installing: /home/mechatronics/core_dependencies/scion_types/install/scion_types/include/scion_types/msg/vision_object.hpp
-- Installing: /home/mechatronics/core_dependencies/scion_types/install/scion_types/include/scion_types/msg/idea.hpp
-- Installing: /home/mechatronics/core_dependencies/scion_types/install/scion_types/include/scion_types/msg/datapoint.hpp
-- Installing: /home/mechatronics/core_dependencies/scion_types/install/scion_types/include/scion_types/msg/raw_data.hpp
-- Installing: /home/mechatronics/core_dependencies/scion_types/install/scion_types/include/scion_types/msg/rosidl_generator_cpp__visibility_control.hpp
-- Up-to-date: /home/mechatronics/core_dependencies/scion_types/install/scion_types/include/scion_types
-- Up-to-date: /home/mechatronics/core_dependencies/scion_types/install/scion_types/include/scion_types/srv
-- Up-to-date: /home/mechatronics/core_dependencies/scion_types/install/scion_types/include/scion_types/srv/detail
-- Installing: /home/mechatronics/core_dependencies/scion_types/install/scion_types/include/scion_types/srv/detail/can_command__type_support.cpp
-- Installing: /home/mechatronics/core_dependencies/scion_types/install/scion_types/include/scion_types/srv/detail/send_frame__rosidl_typesupport_introspection_cpp.hpp
-- Installing: /home/mechatronics/core_dependencies/scion_types/install/scion_types/include/scion_types/srv/detail/send_frame__type_support.cpp
-- Installing: /home/mechatronics/core_dependencies/scion_types/install/scion_types/include/scion_types/srv/detail/can_command__rosidl_typesupport_introspection_cpp.hpp
-- Up-to-date: /home/mechatronics/core_dependencies/scion_types/install/scion_types/include/scion_types/msg
-- Up-to-date: /home/mechatronics/core_dependencies/scion_types/install/scion_types/include/scion_types/msg/detail
-- Installing: /home/mechatronics/core_dependencies/scion_types/install/scion_types/include/scion_types/msg/detail/datapoint__rosidl_typesupport_introspection_cpp.hpp
-- Installing: /home/mechatronics/core_dependencies/scion_types/install/scion_types/include/scion_types/msg/detail/vision_object__type_support.cpp
-- Installing: /home/mechatronics/core_dependencies/scion_types/install/scion_types/include/scion_types/msg/detail/zed_object__type_support.cpp
-- Installing: /home/mechatronics/core_dependencies/scion_types/install/scion_types/include/scion_types/msg/detail/pid_tuning__rosidl_typesupport_introspection_cpp.hpp
-- Installing: /home/mechatronics/core_dependencies/scion_types/install/scion_types/include/scion_types/msg/detail/raw_data__type_support.cpp
-- Installing: /home/mechatronics/core_dependencies/scion_types/install/scion_types/include/scion_types/msg/detail/keypoint2_di__rosidl_typesupport_introspection_cpp.hpp
-- Installing: /home/mechatronics/core_dependencies/scion_types/install/scion_types/include/scion_types/msg/detail/keypoint2_di__type_support.cpp
-- Installing: /home/mechatronics/core_dependencies/scion_types/install/scion_types/include/scion_types/msg/detail/vision_object__rosidl_typesupport_introspection_cpp.hpp
-- Installing: /home/mechatronics/core_dependencies/scion_types/install/scion_types/include/scion_types/msg/detail/idea__rosidl_typesupport_introspection_cpp.hpp
-- Installing: /home/mechatronics/core_dependencies/scion_types/install/scion_types/include/scion_types/msg/detail/zed_object__rosidl_typesupport_introspection_cpp.hpp
-- Installing: /home/mechatronics/core_dependencies/scion_types/install/scion_types/include/scion_types/msg/detail/datapoint__type_support.cpp
-- Installing: /home/mechatronics/core_dependencies/scion_types/install/scion_types/include/scion_types/msg/detail/can_frame__type_support.cpp
-- Installing: /home/mechatronics/core_dependencies/scion_types/install/scion_types/include/scion_types/msg/detail/pid_tuning__type_support.cpp
-- Installing: /home/mechatronics/core_dependencies/scion_types/install/scion_types/include/scion_types/msg/detail/sub_state__type_support.cpp
-- Installing: /home/mechatronics/core_dependencies/scion_types/install/scion_types/include/scion_types/msg/detail/sub_state__rosidl_typesupport_introspection_cpp.hpp
-- Installing: /home/mechatronics/core_dependencies/scion_types/install/scion_types/include/scion_types/msg/detail/raw_data__rosidl_typesupport_introspection_cpp.hpp
-- Installing: /home/mechatronics/core_dependencies/scion_types/install/scion_types/include/scion_types/msg/detail/can_frame__rosidl_typesupport_introspection_cpp.hpp
-- Installing: /home/mechatronics/core_dependencies/scion_types/install/scion_types/include/scion_types/msg/detail/idea__type_support.cpp
-- Installing: /home/mechatronics/core_dependencies/scion_types/install/scion_types/lib/libscion_types__rosidl_typesupport_introspection_cpp.so
-- Set runtime path of "/home/mechatronics/core_dependencies/scion_types/install/scion_types/lib/libscion_types__rosidl_typesupport_introspection_cpp.so" to ""
-- Installing: /home/mechatronics/core_dependencies/scion_types/install/scion_types/lib/libscion_types__rosidl_typesupport_cpp.so
-- Set runtime path of "/home/mechatronics/core_dependencies/scion_types/install/scion_types/lib/libscion_types__rosidl_typesupport_cpp.so" to ""
-- Installing: /home/mechatronics/core_dependencies/scion_types/install/scion_types/share/scion_types/environment/pythonpath.sh
-- Installing: /home/mechatronics/core_dependencies/scion_types/install/scion_types/share/scion_types/environment/pythonpath.dsv
-- Installing: /home/mechatronics/core_dependencies/scion_types/install/scion_types/lib/python3.8/site-packages/scion_types/__init__.py
Compiling '/home/mechatronics/core_dependencies/scion_types/install/scion_types/lib/python3.8/site-packages/scion_types/__init__.py'...
-- Installing: /home/mechatronics/core_dependencies/scion_types/install/scion_types/lib/python3.8/site-packages/scion_types/msg
-- Installing: /home/mechatronics/core_dependencies/scion_types/install/scion_types/lib/python3.8/site-packages/scion_types/msg/_vision_object.py
-- Installing: /home/mechatronics/core_dependencies/scion_types/install/scion_types/lib/python3.8/site-packages/scion_types/msg/_sub_state_s.c
-- Installing: /home/mechatronics/core_dependencies/scion_types/install/scion_types/lib/python3.8/site-packages/scion_types/msg/_raw_data.py
-- Installing: /home/mechatronics/core_dependencies/scion_types/install/scion_types/lib/python3.8/site-packages/scion_types/msg/_can_frame.py
-- Installing: /home/mechatronics/core_dependencies/scion_types/install/scion_types/lib/python3.8/site-packages/scion_types/msg/_pid_tuning_s.c
-- Installing: /home/mechatronics/core_dependencies/scion_types/install/scion_types/lib/python3.8/site-packages/scion_types/msg/_datapoint.py
-- Installing: /home/mechatronics/core_dependencies/scion_types/install/scion_types/lib/python3.8/site-packages/scion_types/msg/__init__.py
-- Installing: /home/mechatronics/core_dependencies/scion_types/install/scion_types/lib/python3.8/site-packages/scion_types/msg/_raw_data_s.c
-- Installing: /home/mechatronics/core_dependencies/scion_types/install/scion_types/lib/python3.8/site-packages/scion_types/msg/_vision_object_s.c
-- Installing: /home/mechatronics/core_dependencies/scion_types/install/scion_types/lib/python3.8/site-packages/scion_types/msg/_zed_object_s.c
-- Installing: /home/mechatronics/core_dependencies/scion_types/install/scion_types/lib/python3.8/site-packages/scion_types/msg/_idea_s.c
-- Installing: /home/mechatronics/core_dependencies/scion_types/install/scion_types/lib/python3.8/site-packages/scion_types/msg/_pid_tuning.py
-- Installing: /home/mechatronics/core_dependencies/scion_types/install/scion_types/lib/python3.8/site-packages/scion_types/msg/_can_frame_s.c
-- Installing: /home/mechatronics/core_dependencies/scion_types/install/scion_types/lib/python3.8/site-packages/scion_types/msg/_keypoint2_di_s.c
-- Installing: /home/mechatronics/core_dependencies/scion_types/install/scion_types/lib/python3.8/site-packages/scion_types/msg/_zed_object.py
-- Installing: /home/mechatronics/core_dependencies/scion_types/install/scion_types/lib/python3.8/site-packages/scion_types/msg/_datapoint_s.c
-- Installing: /home/mechatronics/core_dependencies/scion_types/install/scion_types/lib/python3.8/site-packages/scion_types/msg/_idea.py
-- Installing: /home/mechatronics/core_dependencies/scion_types/install/scion_types/lib/python3.8/site-packages/scion_types/msg/_keypoint2_di.py
-- Installing: /home/mechatronics/core_dependencies/scion_types/install/scion_types/lib/python3.8/site-packages/scion_types/msg/_sub_state.py
-- Installing: /home/mechatronics/core_dependencies/scion_types/install/scion_types/lib/python3.8/site-packages/scion_types/srv
-- Installing: /home/mechatronics/core_dependencies/scion_types/install/scion_types/lib/python3.8/site-packages/scion_types/srv/_can_command_s.c
-- Installing: /home/mechatronics/core_dependencies/scion_types/install/scion_types/lib/python3.8/site-packages/scion_types/srv/_can_command.py
-- Installing: /home/mechatronics/core_dependencies/scion_types/install/scion_types/lib/python3.8/site-packages/scion_types/srv/__init__.py
-- Installing: /home/mechatronics/core_dependencies/scion_types/install/scion_types/lib/python3.8/site-packages/scion_types/srv/_send_frame.py
-- Installing: /home/mechatronics/core_dependencies/scion_types/install/scion_types/lib/python3.8/site-packages/scion_types/srv/_send_frame_s.c
-- Installing: /home/mechatronics/core_dependencies/scion_types/install/scion_types/lib/python3.8/site-packages/scion_types/scion_types_s__rosidl_typesupport_fastrtps_c.cpython-38-aarch64-linux-gnu.so
-- Set runtime path of "/home/mechatronics/core_dependencies/scion_types/install/scion_types/lib/python3.8/site-packages/scion_types/scion_types_s__rosidl_typesupport_fastrtps_c.cpython-38-aarch64-linux-gnu.so" to ""
-- Installing: /home/mechatronics/core_dependencies/scion_types/install/scion_types/lib/python3.8/site-packages/scion_types/scion_types_s__rosidl_typesupport_introspection_c.cpython-38-aarch64-linux-gnu.so
-- Set runtime path of "/home/mechatronics/core_dependencies/scion_types/install/scion_types/lib/python3.8/site-packages/scion_types/scion_types_s__rosidl_typesupport_introspection_c.cpython-38-aarch64-linux-gnu.so" to ""
-- Installing: /home/mechatronics/core_dependencies/scion_types/install/scion_types/lib/python3.8/site-packages/scion_types/scion_types_s__rosidl_typesupport_c.cpython-38-aarch64-linux-gnu.so
-- Set runtime path of "/home/mechatronics/core_dependencies/scion_types/install/scion_types/lib/python3.8/site-packages/scion_types/scion_types_s__rosidl_typesupport_c.cpython-38-aarch64-linux-gnu.so" to ""
-- Installing: /home/mechatronics/core_dependencies/scion_types/install/scion_types/lib/libscion_types__python.so
-- Set runtime path of "/home/mechatronics/core_dependencies/scion_types/install/scion_types/lib/libscion_types__python.so" to ""
-- Installing: /home/mechatronics/core_dependencies/scion_types/install/scion_types/share/scion_types/msg/CanFrame.idl
-- Installing: /home/mechatronics/core_dependencies/scion_types/install/scion_types/share/scion_types/msg/Datapoint.idl
-- Installing: /home/mechatronics/core_dependencies/scion_types/install/scion_types/share/scion_types/msg/Idea.idl
-- Installing: /home/mechatronics/core_dependencies/scion_types/install/scion_types/share/scion_types/msg/Keypoint2Di.idl
-- Installing: /home/mechatronics/core_dependencies/scion_types/install/scion_types/share/scion_types/msg/PidTuning.idl
-- Installing: /home/mechatronics/core_dependencies/scion_types/install/scion_types/share/scion_types/msg/RawData.idl
-- Installing: /home/mechatronics/core_dependencies/scion_types/install/scion_types/share/scion_types/msg/SubState.idl
-- Installing: /home/mechatronics/core_dependencies/scion_types/install/scion_types/share/scion_types/msg/VisionObject.idl
-- Installing: /home/mechatronics/core_dependencies/scion_types/install/scion_types/share/scion_types/msg/ZedObject.idl
-- Installing: /home/mechatronics/core_dependencies/scion_types/install/scion_types/share/scion_types/srv/CanCommand.idl
-- Installing: /home/mechatronics/core_dependencies/scion_types/install/scion_types/share/scion_types/srv/SendFrame.idl
-- Installing: /home/mechatronics/core_dependencies/scion_types/install/scion_types/share/scion_types/msg/CanFrame.msg
-- Installing: /home/mechatronics/core_dependencies/scion_types/install/scion_types/share/scion_types/msg/Datapoint.msg
-- Installing: /home/mechatronics/core_dependencies/scion_types/install/scion_types/share/scion_types/msg/Idea.msg
-- Installing: /home/mechatronics/core_dependencies/scion_types/install/scion_types/share/scion_types/msg/Keypoint2Di.msg
-- Installing: /home/mechatronics/core_dependencies/scion_types/install/scion_types/share/scion_types/msg/PidTuning.msg
-- Installing: /home/mechatronics/core_dependencies/scion_types/install/scion_types/share/scion_types/msg/RawData.msg
-- Installing: /home/mechatronics/core_dependencies/scion_types/install/scion_types/share/scion_types/msg/SubState.msg
-- Installing: /home/mechatronics/core_dependencies/scion_types/install/scion_types/share/scion_types/msg/VisionObject.msg
-- Installing: /home/mechatronics/core_dependencies/scion_types/install/scion_types/share/scion_types/msg/ZedObject.msg
-- Installing: /home/mechatronics/core_dependencies/scion_types/install/scion_types/share/scion_types/srv/CanCommand.srv
-- Installing: /home/mechatronics/core_dependencies/scion_types/install/scion_types/share/scion_types/srv/CanCommand_Request.msg
-- Installing: /home/mechatronics/core_dependencies/scion_types/install/scion_types/share/scion_types/srv/CanCommand_Response.msg
-- Installing: /home/mechatronics/core_dependencies/scion_types/install/scion_types/share/scion_types/srv/SendFrame.srv
-- Installing: /home/mechatronics/core_dependencies/scion_types/install/scion_types/share/scion_types/srv/SendFrame_Request.msg
-- Installing: /home/mechatronics/core_dependencies/scion_types/install/scion_types/share/scion_types/srv/SendFrame_Response.msg
-- Installing: /home/mechatronics/core_dependencies/scion_types/install/scion_types/share/ament_index/resource_index/package_run_dependencies/scion_types
-- Installing: /home/mechatronics/core_dependencies/scion_types/install/scion_types/share/ament_index/resource_index/parent_prefix_path/scion_types
-- Installing: /home/mechatronics/core_dependencies/scion_types/install/scion_types/share/scion_types/environment/ament_prefix_path.sh
-- Installing: /home/mechatronics/core_dependencies/scion_types/install/scion_types/share/scion_types/environment/ament_prefix_path.dsv
-- Installing: /home/mechatronics/core_dependencies/scion_types/install/scion_types/share/scion_types/environment/path.sh
-- Installing: /home/mechatronics/core_dependencies/scion_types/install/scion_types/share/scion_types/environment/path.dsv
-- Installing: /home/mechatronics/core_dependencies/scion_types/install/scion_types/share/scion_types/local_setup.bash
-- Installing: /home/mechatronics/core_dependencies/scion_types/install/scion_types/share/scion_types/local_setup.sh
-- Installing: /home/mechatronics/core_dependencies/scion_types/install/scion_types/share/scion_types/local_setup.zsh
-- Installing: /home/mechatronics/core_dependencies/scion_types/install/scion_types/share/scion_types/local_setup.dsv
-- Installing: /home/mechatronics/core_dependencies/scion_types/install/scion_types/share/scion_types/package.dsv
-- Installing: /home/mechatronics/core_dependencies/scion_types/install/scion_types/share/ament_index/resource_index/packages/scion_types
-- Installing: /home/mechatronics/core_dependencies/scion_types/install/scion_types/share/scion_types/cmake/scion_types__rosidl_generator_cExport.cmake
-- Installing: /home/mechatronics/core_dependencies/scion_types/install/scion_types/share/scion_types/cmake/scion_types__rosidl_generator_cExport-noconfig.cmake
-- Installing: /home/mechatronics/core_dependencies/scion_types/install/scion_types/share/scion_types/cmake/scion_types__rosidl_typesupport_introspection_cExport.cmake
-- Installing: /home/mechatronics/core_dependencies/scion_types/install/scion_types/share/scion_types/cmake/scion_types__rosidl_typesupport_introspection_cExport-noconfig.cmake
-- Installing: /home/mechatronics/core_dependencies/scion_types/install/scion_types/share/scion_types/cmake/scion_types__rosidl_typesupport_cExport.cmake
-- Installing: /home/mechatronics/core_dependencies/scion_types/install/scion_types/share/scion_types/cmake/scion_types__rosidl_typesupport_cExport-noconfig.cmake
-- Installing: /home/mechatronics/core_dependencies/scion_types/install/scion_types/share/scion_types/cmake/scion_types__rosidl_generator_cppExport.cmake
-- Installing: /home/mechatronics/core_dependencies/scion_types/install/scion_types/share/scion_types/cmake/scion_types__rosidl_typesupport_introspection_cppExport.cmake
-- Installing: /home/mechatronics/core_dependencies/scion_types/install/scion_types/share/scion_types/cmake/scion_types__rosidl_typesupport_introspection_cppExport-noconfig.cmake
-- Installing: /home/mechatronics/core_dependencies/scion_types/install/scion_types/share/scion_types/cmake/scion_types__rosidl_typesupport_cppExport.cmake
-- Installing: /home/mechatronics/core_dependencies/scion_types/install/scion_types/share/scion_types/cmake/scion_types__rosidl_typesupport_cppExport-noconfig.cmake
-- Installing: /home/mechatronics/core_dependencies/scion_types/install/scion_types/share/scion_types/cmake/rosidl_cmake-extras.cmake
-- Installing: /home/mechatronics/core_dependencies/scion_types/install/scion_types/share/scion_types/cmake/ament_cmake_export_dependencies-extras.cmake
-- Installing: /home/mechatronics/core_dependencies/scion_types/install/scion_types/share/scion_types/cmake/ament_cmake_export_libraries-extras.cmake
-- Installing: /home/mechatronics/core_dependencies/scion_types/install/scion_types/share/scion_types/cmake/ament_cmake_export_targets-extras.cmake
-- Installing: /home/mechatronics/core_dependencies/scion_types/install/scion_types/share/scion_types/cmake/ament_cmake_export_include_directories-extras.cmake
-- Installing: /home/mechatronics/core_dependencies/scion_types/install/scion_types/share/scion_types/cmake/rosidl_cmake_export_typesupport_libraries-extras.cmake
-- Installing: /home/mechatronics/core_dependencies/scion_types/install/scion_types/share/scion_types/cmake/rosidl_cmake_export_typesupport_targets-extras.cmake
-- Installing: /home/mechatronics/core_dependencies/scion_types/install/scion_types/share/scion_types/cmake/scion_typesConfig.cmake
-- Installing: /home/mechatronics/core_dependencies/scion_types/install/scion_types/share/scion_types/cmake/scion_typesConfig-version.cmake
-- Installing: /home/mechatronics/core_dependencies/scion_types/install/scion_types/share/scion_types/package.xml
