[0.028s] Invoking command in '/home/mechatronics/core_dependencies/scion_types/build/scion_types': CMAKE_PREFIX_PATH=${CMAKE_PREFIX_PATH}:/opt/ros/foxy /usr/bin/cmake /home/mechatronics/core_dependencies/scion_types -DCMAKE_INSTALL_PREFIX=/home/mechatronics/core_dependencies/scion_types/install/scion_types
[0.113s] -- The C compiler identification is GNU 9.4.0
[0.185s] -- The CXX compiler identification is GNU 9.4.0
[0.191s] -- Check for working C compiler: /usr/bin/cc
[0.305s] -- Check for working C compiler: /usr/bin/cc -- works
[0.306s] -- Detecting C compiler ABI info
[0.421s] -- Detecting C compiler ABI info - done
[0.454s] -- Detecting C compile features
[0.455s] -- Detecting C compile features - done
[0.460s] -- Check for working CXX compiler: /usr/bin/c++
[0.588s] -- Check for working CXX compiler: /usr/bin/c++ -- works
[0.590s] -- Detecting CXX compiler ABI info
[0.722s] -- Detecting CXX compiler ABI info - done
[0.739s] -- Detecting CXX compile features
[0.739s] -- Detecting CXX compile features - done
[0.743s] -- Found ament_cmake: 0.9.12 (/opt/ros/foxy/share/ament_cmake/cmake)
[0.785s] -- Found PythonInterp: /usr/bin/python3 (found suitable version "3.8.10", minimum required is "3") 
[0.785s] -- Using PYTHON_EXECUTABLE: /usr/bin/python3
[1.109s] -- Found rclcpp: 2.4.3 (/opt/ros/foxy/share/rclcpp/cmake)
[1.169s] -- Using all available rosidl_typesupport_c: rosidl_typesupport_fastrtps_c;rosidl_typesupport_introspection_c
[1.176s] -- Found rosidl_adapter: 1.3.1 (/opt/ros/foxy/share/rosidl_adapter/cmake)
[1.314s] -- Found OpenSSL: /usr/lib/aarch64-linux-gnu/libcrypto.so (found version "1.1.1f")  
[1.356s] -- Found FastRTPS: /opt/ros/foxy/include  
[1.464s] -- Using all available rosidl_typesupport_cpp: rosidl_typesupport_fastrtps_cpp;rosidl_typesupport_introspection_cpp
[1.533s] -- Found rmw_implementation_cmake: 1.0.4 (/opt/ros/foxy/share/rmw_implementation_cmake/cmake)
[1.534s] -- Using RMW implementation 'rmw_fastrtps_cpp' as default
[1.536s] -- Looking for pthread.h
[1.655s] -- Looking for pthread.h - found
[1.656s] -- Performing Test CMAKE_HAVE_LIBC_PTHREAD
[1.772s] -- Performing Test CMAKE_HAVE_LIBC_PTHREAD - Failed
[1.772s] -- Looking for pthread_create in pthreads
[1.873s] -- Looking for pthread_create in pthreads - not found
[1.873s] -- Looking for pthread_create in pthread
[1.999s] -- Looking for pthread_create in pthread - found
[2.001s] -- Found Threads: TRUE  
[2.209s] -- Found geometry_msgs: 2.0.5 (/opt/ros/foxy/share/geometry_msgs/cmake)
[2.250s] -- Found shape_msgs: 2.0.5 (/opt/ros/foxy/share/shape_msgs/cmake)
[2.328s] -- Found rosidl_default_generators: 1.0.1 (/opt/ros/foxy/share/rosidl_default_generators/cmake)
[2.377s] -- Found PythonInterp: /usr/bin/python3 (found version "3.8.10") 
[2.626s] -- Found ament_cmake_ros: 0.9.2 (/opt/ros/foxy/share/ament_cmake_ros/cmake)
[2.781s] -- Using all available rosidl_typesupport_c: rosidl_typesupport_fastrtps_c;rosidl_typesupport_introspection_c
[2.794s] -- Using all available rosidl_typesupport_cpp: rosidl_typesupport_fastrtps_cpp;rosidl_typesupport_introspection_cpp
[2.830s] -- Found PythonInterp: /usr/bin/python3 (found suitable version "3.8.10", minimum required is "3.5") 
[2.831s] -- Found python_cmake_module: 0.8.1 (/opt/ros/foxy/share/python_cmake_module/cmake)
[2.873s] -- Found PythonLibs: /usr/lib/aarch64-linux-gnu/libpython3.8.so (found suitable version "3.8.10", minimum required is "3.5") 
[2.873s] -- Using PYTHON_EXECUTABLE: /usr/bin/python3
[2.874s] -- Using PYTHON_INCLUDE_DIRS: /usr/include/python3.8
[2.874s] -- Using PYTHON_LIBRARIES: /usr/lib/aarch64-linux-gnu/libpython3.8.so
[2.907s] -- Found PythonExtra: .so  
[3.123s] -- Configuring done
[3.191s] -- Generating done
[3.196s] -- Build files have been written to: /home/mechatronics/core_dependencies/scion_types/build/scion_types
[3.218s] Invoked command in '/home/mechatronics/core_dependencies/scion_types/build/scion_types' returned '0': CMAKE_PREFIX_PATH=${CMAKE_PREFIX_PATH}:/opt/ros/foxy /usr/bin/cmake /home/mechatronics/core_dependencies/scion_types -DCMAKE_INSTALL_PREFIX=/home/mechatronics/core_dependencies/scion_types/install/scion_types
[3.226s] Invoking command in '/home/mechatronics/core_dependencies/scion_types/build/scion_types': CMAKE_PREFIX_PATH=${CMAKE_PREFIX_PATH}:/opt/ros/foxy /usr/bin/cmake --build /home/mechatronics/core_dependencies/scion_types/build/scion_types -- -j12 -l12
[3.301s] [35m[1mScanning dependencies of target scion_types__cpp[0m
[3.302s] [  1%] [34m[1mGenerating C code for ROS interfaces[0m
[3.325s] [  1%] [34m[1mGenerating C++ code for ROS interfaces[0m
[4.479s] [  1%] Built target scion_types__cpp
[4.502s] [  2%] [34m[1mGenerating C++ type support for eProsima Fast-RTPS[0m
[4.503s] [  2%] [34m[1mGenerating C++ type support dispatch for ROS interfaces[0m
[4.508s] [  3%] [34m[1mGenerating C++ introspection for ROS interfaces[0m
[4.577s] [35m[1mScanning dependencies of target scion_types__rosidl_generator_c[0m
[4.602s] [  9%] [32mBuilding C object CMakeFiles/scion_types__rosidl_generator_c.dir/rosidl_generator_c/scion_types/msg/detail/idea__functions.c.o[0m
[4.602s] [  9%] [32mBuilding C object CMakeFiles/scion_types__rosidl_generator_c.dir/rosidl_generator_c/scion_types/msg/detail/can_frame__functions.c.o[0m
[4.602s] [  9%] [32mBuilding C object CMakeFiles/scion_types__rosidl_generator_c.dir/rosidl_generator_c/scion_types/msg/detail/raw_data__functions.c.o[0m
[4.602s] [  9%] [32mBuilding C object CMakeFiles/scion_types__rosidl_generator_c.dir/rosidl_generator_c/scion_types/msg/detail/sub_state__functions.c.o[0m
[4.602s] [  9%] [32mBuilding C object CMakeFiles/scion_types__rosidl_generator_c.dir/rosidl_generator_c/scion_types/msg/detail/datapoint__functions.c.o[0m
[4.603s] [  9%] [32mBuilding C object CMakeFiles/scion_types__rosidl_generator_c.dir/rosidl_generator_c/scion_types/msg/detail/pid_tuning__functions.c.o[0m
[4.603s] [  9%] [32mBuilding C object CMakeFiles/scion_types__rosidl_generator_c.dir/rosidl_generator_c/scion_types/msg/detail/keypoint2_di__functions.c.o[0m
[4.603s] [ 11%] [32mBuilding C object CMakeFiles/scion_types__rosidl_generator_c.dir/rosidl_generator_c/scion_types/msg/detail/vision_object__functions.c.o[0m
[4.603s] [ 11%] [32mBuilding C object CMakeFiles/scion_types__rosidl_generator_c.dir/rosidl_generator_c/scion_types/msg/detail/zed_object__functions.c.o[0m
[4.677s] [ 13%] [32mBuilding C object CMakeFiles/scion_types__rosidl_generator_c.dir/rosidl_generator_c/scion_types/srv/detail/send_frame__functions.c.o[0m
[4.677s] [ 13%] [32mBuilding C object CMakeFiles/scion_types__rosidl_generator_c.dir/rosidl_generator_c/scion_types/srv/detail/can_command__functions.c.o[0m
[4.763s] [ 14%] [32m[1mLinking C shared library libscion_types__rosidl_generator_c.so[0m
[4.817s] [ 14%] Built target scion_types__rosidl_generator_c
[4.833s] [ 16%] [34m[1mGenerating C type support dispatch for ROS interfaces[0m
[4.834s] [ 16%] [34m[1mGenerating C introspection for ROS interfaces[0m
[5.333s] [35m[1mScanning dependencies of target scion_types__rosidl_typesupport_cpp[0m
[5.357s] [ 20%] [32mBuilding CXX object CMakeFiles/scion_types__rosidl_typesupport_cpp.dir/rosidl_typesupport_cpp/scion_types/msg/idea__type_support.cpp.o[0m
[5.358s] [ 20%] [32mBuilding CXX object CMakeFiles/scion_types__rosidl_typesupport_cpp.dir/rosidl_typesupport_cpp/scion_types/msg/sub_state__type_support.cpp.o[0m
[5.358s] [ 21%] [32mBuilding CXX object CMakeFiles/scion_types__rosidl_typesupport_cpp.dir/rosidl_typesupport_cpp/scion_types/msg/raw_data__type_support.cpp.o[0m
[5.358s] [ 21%] [32mBuilding CXX object CMakeFiles/scion_types__rosidl_typesupport_cpp.dir/rosidl_typesupport_cpp/scion_types/msg/keypoint2_di__type_support.cpp.o[0m
[5.359s] [ 20%] [32mBuilding CXX object CMakeFiles/scion_types__rosidl_typesupport_cpp.dir/rosidl_typesupport_cpp/scion_types/msg/pid_tuning__type_support.cpp.o[0m
[5.359s] [ 23%] [32mBuilding CXX object CMakeFiles/scion_types__rosidl_typesupport_cpp.dir/rosidl_typesupport_cpp/scion_types/msg/datapoint__type_support.cpp.o[0m
[5.359s] [ 23%] [32mBuilding CXX object CMakeFiles/scion_types__rosidl_typesupport_cpp.dir/rosidl_typesupport_cpp/scion_types/msg/can_frame__type_support.cpp.o[0m
[5.365s] [ 23%] [32mBuilding CXX object CMakeFiles/scion_types__rosidl_typesupport_cpp.dir/rosidl_typesupport_cpp/scion_types/msg/vision_object__type_support.cpp.o[0m
[5.784s] [35m[1mScanning dependencies of target scion_types__rosidl_typesupport_introspection_cpp[0m
[5.815s] [ 24%] [32mBuilding CXX object CMakeFiles/scion_types__rosidl_typesupport_introspection_cpp.dir/rosidl_typesupport_introspection_cpp/scion_types/msg/detail/can_frame__type_support.cpp.o[0m
[5.815s] [35m[1mScanning dependencies of target scion_types__rosidl_typesupport_c[0m
[5.830s] [ 25%] [32mBuilding CXX object CMakeFiles/scion_types__rosidl_typesupport_cpp.dir/rosidl_typesupport_cpp/scion_types/msg/zed_object__type_support.cpp.o[0m
[5.831s] [ 26%] [32mBuilding CXX object CMakeFiles/scion_types__rosidl_typesupport_cpp.dir/rosidl_typesupport_cpp/scion_types/srv/can_command__type_support.cpp.o[0m
[5.831s] [ 26%] [32mBuilding CXX object CMakeFiles/scion_types__rosidl_typesupport_introspection_cpp.dir/rosidl_typesupport_introspection_cpp/scion_types/msg/detail/datapoint__type_support.cpp.o[0m
[5.831s] [ 28%] [32mBuilding CXX object CMakeFiles/scion_types__rosidl_typesupport_introspection_cpp.dir/rosidl_typesupport_introspection_cpp/scion_types/msg/detail/idea__type_support.cpp.o[0m
[5.832s] [ 28%] [32mBuilding CXX object CMakeFiles/scion_types__rosidl_typesupport_cpp.dir/rosidl_typesupport_cpp/scion_types/srv/send_frame__type_support.cpp.o[0m
[5.842s] [ 29%] [32mBuilding CXX object CMakeFiles/scion_types__rosidl_typesupport_c.dir/rosidl_typesupport_c/scion_types/msg/can_frame__type_support.cpp.o[0m
[5.851s] [ 30%] [32mBuilding CXX object CMakeFiles/scion_types__rosidl_typesupport_c.dir/rosidl_typesupport_c/scion_types/msg/datapoint__type_support.cpp.o[0m
[5.873s] [ 31%] [32mBuilding CXX object CMakeFiles/scion_types__rosidl_typesupport_c.dir/rosidl_typesupport_c/scion_types/msg/idea__type_support.cpp.o[0m
[5.873s] [ 31%] [32mBuilding CXX object CMakeFiles/scion_types__rosidl_typesupport_introspection_cpp.dir/rosidl_typesupport_introspection_cpp/scion_types/msg/detail/keypoint2_di__type_support.cpp.o[0m
[5.879s] [35m[1mScanning dependencies of target scion_types__rosidl_typesupport_fastrtps_cpp[0m
[5.896s] [ 32%] [32mBuilding CXX object CMakeFiles/scion_types__rosidl_typesupport_c.dir/rosidl_typesupport_c/scion_types/msg/keypoint2_di__type_support.cpp.o[0m
[5.901s] [ 33%] [32mBuilding CXX object CMakeFiles/scion_types__rosidl_typesupport_c.dir/rosidl_typesupport_c/scion_types/msg/pid_tuning__type_support.cpp.o[0m
[5.916s] [ 34%] [32mBuilding CXX object CMakeFiles/scion_types__rosidl_typesupport_fastrtps_cpp.dir/rosidl_typesupport_fastrtps_cpp/scion_types/msg/detail/dds_fastrtps/can_frame__type_support.cpp.o[0m
[5.929s] [ 35%] [32mBuilding CXX object CMakeFiles/scion_types__rosidl_typesupport_c.dir/rosidl_typesupport_c/scion_types/msg/raw_data__type_support.cpp.o[0m
[5.950s] [ 36%] [32mBuilding CXX object CMakeFiles/scion_types__rosidl_typesupport_c.dir/rosidl_typesupport_c/scion_types/msg/sub_state__type_support.cpp.o[0m
[5.964s] [ 37%] [32mBuilding CXX object CMakeFiles/scion_types__rosidl_typesupport_c.dir/rosidl_typesupport_c/scion_types/msg/vision_object__type_support.cpp.o[0m
[5.982s] [ 38%] [32mBuilding CXX object CMakeFiles/scion_types__rosidl_typesupport_c.dir/rosidl_typesupport_c/scion_types/msg/zed_object__type_support.cpp.o[0m
[6.006s] [ 39%] [32mBuilding CXX object CMakeFiles/scion_types__rosidl_typesupport_fastrtps_cpp.dir/rosidl_typesupport_fastrtps_cpp/scion_types/msg/detail/dds_fastrtps/datapoint__type_support.cpp.o[0m
[6.022s] [ 40%] [32mBuilding CXX object CMakeFiles/scion_types__rosidl_typesupport_c.dir/rosidl_typesupport_c/scion_types/srv/can_command__type_support.cpp.o[0m
[6.084s] [ 42%] [32mBuilding CXX object CMakeFiles/scion_types__rosidl_typesupport_introspection_cpp.dir/rosidl_typesupport_introspection_cpp/scion_types/msg/detail/pid_tuning__type_support.cpp.o[0m
[6.085s] [ 42%] [32mBuilding CXX object CMakeFiles/scion_types__rosidl_typesupport_c.dir/rosidl_typesupport_c/scion_types/srv/send_frame__type_support.cpp.o[0m
[6.144s] [ 43%] [32m[1mLinking CXX shared library libscion_types__rosidl_typesupport_c.so[0m
[6.188s] [35m[1mScanning dependencies of target scion_types__rosidl_typesupport_introspection_c[0m
[6.217s] [ 43%] Built target scion_types__rosidl_typesupport_c
[6.223s] [ 44%] [32mBuilding C object CMakeFiles/scion_types__rosidl_typesupport_introspection_c.dir/rosidl_typesupport_introspection_c/scion_types/msg/detail/can_frame__type_support.c.o[0m
[6.236s] [ 45%] [32mBuilding CXX object CMakeFiles/scion_types__rosidl_typesupport_introspection_cpp.dir/rosidl_typesupport_introspection_cpp/scion_types/msg/detail/raw_data__type_support.cpp.o[0m
[6.281s] [ 46%] [32mBuilding C object CMakeFiles/scion_types__rosidl_typesupport_introspection_c.dir/rosidl_typesupport_introspection_c/scion_types/msg/detail/datapoint__type_support.c.o[0m
[6.316s] [ 48%] [32mBuilding C object CMakeFiles/scion_types__rosidl_typesupport_introspection_c.dir/rosidl_typesupport_introspection_c/scion_types/msg/detail/idea__type_support.c.o[0m
[6.316s] [ 48%] [32mBuilding CXX object CMakeFiles/scion_types__rosidl_typesupport_introspection_cpp.dir/rosidl_typesupport_introspection_cpp/scion_types/msg/detail/sub_state__type_support.cpp.o[0m
[6.322s] [ 50%] [32mBuilding CXX object CMakeFiles/scion_types__rosidl_typesupport_fastrtps_cpp.dir/rosidl_typesupport_fastrtps_cpp/scion_types/msg/detail/dds_fastrtps/idea__type_support.cpp.o[0m
[6.322s] [ 50%] [32mBuilding CXX object CMakeFiles/scion_types__rosidl_typesupport_introspection_cpp.dir/rosidl_typesupport_introspection_cpp/scion_types/msg/detail/vision_object__type_support.cpp.o[0m
[6.325s] [ 51%] [32m[1mLinking CXX shared library libscion_types__rosidl_typesupport_cpp.so[0m
[6.341s] [ 52%] [32mBuilding C object CMakeFiles/scion_types__rosidl_typesupport_introspection_c.dir/rosidl_typesupport_introspection_c/scion_types/msg/detail/keypoint2_di__type_support.c.o[0m
[6.378s] [ 53%] [32mBuilding C object CMakeFiles/scion_types__rosidl_typesupport_introspection_c.dir/rosidl_typesupport_introspection_c/scion_types/msg/detail/pid_tuning__type_support.c.o[0m
[6.389s] [ 54%] [32mBuilding CXX object CMakeFiles/scion_types__rosidl_typesupport_introspection_cpp.dir/rosidl_typesupport_introspection_cpp/scion_types/msg/detail/zed_object__type_support.cpp.o[0m
[6.394s] [ 55%] [32mBuilding CXX object CMakeFiles/scion_types__rosidl_typesupport_introspection_cpp.dir/rosidl_typesupport_introspection_cpp/scion_types/srv/detail/can_command__type_support.cpp.o[0m
[6.395s] [ 55%] Built target scion_types__rosidl_typesupport_cpp
[6.413s] [ 56%] [32mBuilding CXX object CMakeFiles/scion_types__rosidl_typesupport_fastrtps_cpp.dir/rosidl_typesupport_fastrtps_cpp/scion_types/msg/detail/dds_fastrtps/keypoint2_di__type_support.cpp.o[0m
[6.415s] [ 57%] [32mBuilding C object CMakeFiles/scion_types__rosidl_typesupport_introspection_c.dir/rosidl_typesupport_introspection_c/scion_types/msg/detail/raw_data__type_support.c.o[0m
[6.448s] [ 57%] [32mBuilding C object CMakeFiles/scion_types__rosidl_typesupport_introspection_c.dir/rosidl_typesupport_introspection_c/scion_types/msg/detail/sub_state__type_support.c.o[0m
[6.488s] [ 58%] [32mBuilding C object CMakeFiles/scion_types__rosidl_typesupport_introspection_c.dir/rosidl_typesupport_introspection_c/scion_types/msg/detail/vision_object__type_support.c.o[0m
[6.506s] [ 59%] [32mBuilding C object CMakeFiles/scion_types__rosidl_typesupport_introspection_c.dir/rosidl_typesupport_introspection_c/scion_types/msg/detail/zed_object__type_support.c.o[0m
[6.548s] [ 60%] [32mBuilding C object CMakeFiles/scion_types__rosidl_typesupport_introspection_c.dir/rosidl_typesupport_introspection_c/scion_types/srv/detail/can_command__type_support.c.o[0m
[6.570s] [ 61%] [32mBuilding CXX object CMakeFiles/scion_types__rosidl_typesupport_fastrtps_cpp.dir/rosidl_typesupport_fastrtps_cpp/scion_types/msg/detail/dds_fastrtps/pid_tuning__type_support.cpp.o[0m
[6.580s] [ 62%] [32mBuilding CXX object CMakeFiles/scion_types__rosidl_typesupport_fastrtps_cpp.dir/rosidl_typesupport_fastrtps_cpp/scion_types/msg/detail/dds_fastrtps/raw_data__type_support.cpp.o[0m
[6.615s] [ 63%] [32mBuilding C object CMakeFiles/scion_types__rosidl_typesupport_introspection_c.dir/rosidl_typesupport_introspection_c/scion_types/srv/detail/send_frame__type_support.c.o[0m
[6.639s] [ 64%] [32mBuilding CXX object CMakeFiles/scion_types__rosidl_typesupport_fastrtps_cpp.dir/rosidl_typesupport_fastrtps_cpp/scion_types/msg/detail/dds_fastrtps/sub_state__type_support.cpp.o[0m
[6.679s] [ 65%] [32m[1mLinking C shared library libscion_types__rosidl_typesupport_introspection_c.so[0m
[6.732s] [ 66%] [32mBuilding CXX object CMakeFiles/scion_types__rosidl_typesupport_fastrtps_cpp.dir/rosidl_typesupport_fastrtps_cpp/scion_types/msg/detail/dds_fastrtps/vision_object__type_support.cpp.o[0m
[6.748s] [ 66%] Built target scion_types__rosidl_typesupport_introspection_c
[6.764s] [ 68%] [32mBuilding CXX object CMakeFiles/scion_types__rosidl_typesupport_introspection_cpp.dir/rosidl_typesupport_introspection_cpp/scion_types/srv/detail/send_frame__type_support.cpp.o[0m
[6.764s] [ 68%] [32mBuilding CXX object CMakeFiles/scion_types__rosidl_typesupport_fastrtps_cpp.dir/rosidl_typesupport_fastrtps_cpp/scion_types/msg/detail/dds_fastrtps/zed_object__type_support.cpp.o[0m
[6.804s] [ 68%] [32mBuilding CXX object CMakeFiles/scion_types__rosidl_typesupport_fastrtps_cpp.dir/rosidl_typesupport_fastrtps_cpp/scion_types/srv/detail/dds_fastrtps/can_command__type_support.cpp.o[0m
[6.820s] [ 69%] [32mBuilding CXX object CMakeFiles/scion_types__rosidl_typesupport_fastrtps_cpp.dir/rosidl_typesupport_fastrtps_cpp/scion_types/srv/detail/dds_fastrtps/send_frame__type_support.cpp.o[0m
[7.265s] [ 70%] [32m[1mLinking CXX shared library libscion_types__rosidl_typesupport_introspection_cpp.so[0m
[7.392s] [ 70%] Built target scion_types__rosidl_typesupport_introspection_cpp
[7.535s] [ 71%] [32m[1mLinking CXX shared library libscion_types__rosidl_typesupport_fastrtps_cpp.so[0m
[7.671s] [ 71%] Built target scion_types__rosidl_typesupport_fastrtps_cpp
[7.690s] [ 72%] [34m[1mGenerating C type support for eProsima Fast-RTPS[0m
[8.704s] [35m[1mScanning dependencies of target scion_types__rosidl_typesupport_fastrtps_c[0m
[8.740s] [ 78%] [32mBuilding CXX object CMakeFiles/scion_types__rosidl_typesupport_fastrtps_c.dir/rosidl_typesupport_fastrtps_c/scion_types/msg/detail/datapoint__type_support_c.cpp.o[0m
[8.741s] [ 78%] [32mBuilding CXX object CMakeFiles/scion_types__rosidl_typesupport_fastrtps_c.dir/rosidl_typesupport_fastrtps_c/scion_types/msg/detail/keypoint2_di__type_support_c.cpp.o[0m
[8.741s] [ 78%] [32mBuilding CXX object CMakeFiles/scion_types__rosidl_typesupport_fastrtps_c.dir/rosidl_typesupport_fastrtps_c/scion_types/msg/detail/idea__type_support_c.cpp.o[0m
[8.741s] [ 78%] [32mBuilding CXX object CMakeFiles/scion_types__rosidl_typesupport_fastrtps_c.dir/rosidl_typesupport_fastrtps_c/scion_types/msg/detail/vision_object__type_support_c.cpp.o[0m
[8.741s] [ 78%] [32mBuilding CXX object CMakeFiles/scion_types__rosidl_typesupport_fastrtps_c.dir/rosidl_typesupport_fastrtps_c/scion_types/msg/detail/can_frame__type_support_c.cpp.o[0m
[8.741s] [ 79%] [32mBuilding CXX object CMakeFiles/scion_types__rosidl_typesupport_fastrtps_c.dir/rosidl_typesupport_fastrtps_c/scion_types/msg/detail/pid_tuning__type_support_c.cpp.o[0m
[8.741s] [ 79%] [32mBuilding CXX object CMakeFiles/scion_types__rosidl_typesupport_fastrtps_c.dir/rosidl_typesupport_fastrtps_c/scion_types/msg/detail/zed_object__type_support_c.cpp.o[0m
[8.741s] [ 78%] [32mBuilding CXX object CMakeFiles/scion_types__rosidl_typesupport_fastrtps_c.dir/rosidl_typesupport_fastrtps_c/scion_types/msg/detail/sub_state__type_support_c.cpp.o[0m
[8.741s] [ 80%] [32mBuilding CXX object CMakeFiles/scion_types__rosidl_typesupport_fastrtps_c.dir/rosidl_typesupport_fastrtps_c/scion_types/msg/detail/raw_data__type_support_c.cpp.o[0m
[8.743s] [ 82%] [32mBuilding CXX object CMakeFiles/scion_types__rosidl_typesupport_fastrtps_c.dir/rosidl_typesupport_fastrtps_c/scion_types/srv/detail/can_command__type_support_c.cpp.o[0m
[8.743s] [ 82%] [32mBuilding CXX object CMakeFiles/scion_types__rosidl_typesupport_fastrtps_c.dir/rosidl_typesupport_fastrtps_c/scion_types/srv/detail/send_frame__type_support_c.cpp.o[0m
[9.374s] [ 83%] [32m[1mLinking CXX shared library libscion_types__rosidl_typesupport_fastrtps_c.so[0m
[9.497s] [ 83%] Built target scion_types__rosidl_typesupport_fastrtps_c
[9.513s] [35m[1mScanning dependencies of target scion_types[0m
[9.529s] [ 83%] Built target scion_types
[9.546s] [35m[1mScanning dependencies of target scion_types__py[0m
[9.566s] [ 84%] [34m[1mGenerating Python code for ROS interfaces[0m
[11.674s] [ 84%] Built target scion_types__py
[11.699s] [35m[1mScanning dependencies of target scion_types__python[0m
[11.751s] [ 90%] [32mBuilding C object CMakeFiles/scion_types__python.dir/rosidl_generator_py/scion_types/msg/_sub_state_s.c.o[0m
[11.751s] [ 90%] [32mBuilding C object CMakeFiles/scion_types__python.dir/rosidl_generator_py/scion_types/msg/_vision_object_s.c.o[0m
[11.751s] [ 90%] [32mBuilding C object CMakeFiles/scion_types__python.dir/rosidl_generator_py/scion_types/msg/_pid_tuning_s.c.o[0m
[11.751s] [ 94%] [32mBuilding C object CMakeFiles/scion_types__python.dir/rosidl_generator_py/scion_types/msg/_raw_data_s.c.o[0m
[11.751s] [ 90%] [32mBuilding C object CMakeFiles/scion_types__python.dir/rosidl_generator_py/scion_types/msg/_zed_object_s.c.o[0m
[11.751s] [ 94%] [32mBuilding C object CMakeFiles/scion_types__python.dir/rosidl_generator_py/scion_types/srv/_send_frame_s.c.o[0m
[11.751s] [ 94%] [32mBuilding C object CMakeFiles/scion_types__python.dir/rosidl_generator_py/scion_types/msg/_idea_s.c.o[0m
[11.751s] [ 94%] [32mBuilding C object CMakeFiles/scion_types__python.dir/rosidl_generator_py/scion_types/srv/_can_command_s.c.o[0m
[11.751s] [ 94%] [32mBuilding C object CMakeFiles/scion_types__python.dir/rosidl_generator_py/scion_types/msg/_keypoint2_di_s.c.o[0m
[11.752s] [ 94%] [32mBuilding C object CMakeFiles/scion_types__python.dir/rosidl_generator_py/scion_types/msg/_can_frame_s.c.o[0m
[11.752s] [ 90%] [32mBuilding C object CMakeFiles/scion_types__python.dir/rosidl_generator_py/scion_types/msg/_datapoint_s.c.o[0m
[11.937s] [ 95%] [32m[1mLinking C shared library rosidl_generator_py/scion_types/libscion_types__python.so[0m
[12.008s] [ 95%] Built target scion_types__python
[12.024s] [35m[1mScanning dependencies of target scion_types__rosidl_typesupport_introspection_c__pyext[0m
[12.024s] [35m[1mScanning dependencies of target scion_types__rosidl_typesupport_c__pyext[0m
[12.024s] [35m[1mScanning dependencies of target scion_types__rosidl_typesupport_fastrtps_c__pyext[0m
[12.054s] [ 96%] [32mBuilding C object CMakeFiles/scion_types__rosidl_typesupport_c__pyext.dir/rosidl_generator_py/scion_types/_scion_types_s.ep.rosidl_typesupport_c.c.o[0m
[12.055s] [ 97%] [32mBuilding C object CMakeFiles/scion_types__rosidl_typesupport_introspection_c__pyext.dir/rosidl_generator_py/scion_types/_scion_types_s.ep.rosidl_typesupport_introspection_c.c.o[0m
[12.055s] [ 97%] [32mBuilding C object CMakeFiles/scion_types__rosidl_typesupport_fastrtps_c__pyext.dir/rosidl_generator_py/scion_types/_scion_types_s.ep.rosidl_typesupport_fastrtps_c.c.o[0m
[12.224s] [ 99%] [32m[1mLinking C shared library rosidl_generator_py/scion_types/scion_types_s__rosidl_typesupport_introspection_c.cpython-38-aarch64-linux-gnu.so[0m
[12.224s] [ 99%] [32m[1mLinking C shared library rosidl_generator_py/scion_types/scion_types_s__rosidl_typesupport_c.cpython-38-aarch64-linux-gnu.so[0m
[12.224s] [100%] [32m[1mLinking CXX shared library rosidl_generator_py/scion_types/scion_types_s__rosidl_typesupport_fastrtps_c.cpython-38-aarch64-linux-gnu.so[0m
[12.276s] [100%] Built target scion_types__rosidl_typesupport_c__pyext
[12.276s] [100%] Built target scion_types__rosidl_typesupport_introspection_c__pyext
[12.312s] [100%] Built target scion_types__rosidl_typesupport_fastrtps_c__pyext
[12.339s] Invoked command in '/home/mechatronics/core_dependencies/scion_types/build/scion_types' returned '0': CMAKE_PREFIX_PATH=${CMAKE_PREFIX_PATH}:/opt/ros/foxy /usr/bin/cmake --build /home/mechatronics/core_dependencies/scion_types/build/scion_types -- -j12 -l12
[12.651s] Invoking command in '/home/mechatronics/core_dependencies/scion_types/build/scion_types': CMAKE_PREFIX_PATH=${CMAKE_PREFIX_PATH}:/opt/ros/foxy /usr/bin/cmake --install /home/mechatronics/core_dependencies/scion_types/build/scion_types
[12.669s] -- Install configuration: ""
[12.670s] -- Installing: /home/mechatronics/core_dependencies/scion_types/install/scion_types/share/ament_index/resource_index/rosidl_interfaces/scion_types
[12.670s] -- Installing: /home/mechatronics/core_dependencies/scion_types/install/scion_types/include/scion_types
[12.671s] -- Installing: /home/mechatronics/core_dependencies/scion_types/install/scion_types/include/scion_types/srv
[12.671s] -- Installing: /home/mechatronics/core_dependencies/scion_types/install/scion_types/include/scion_types/srv/can_command.h
[12.671s] -- Installing: /home/mechatronics/core_dependencies/scion_types/install/scion_types/include/scion_types/srv/send_frame.h
[12.672s] -- Installing: /home/mechatronics/core_dependencies/scion_types/install/scion_types/include/scion_types/srv/detail
[12.672s] -- Installing: /home/mechatronics/core_dependencies/scion_types/install/scion_types/include/scion_types/srv/detail/can_command__type_support.h
[12.672s] -- Installing: /home/mechatronics/core_dependencies/scion_types/install/scion_types/include/scion_types/srv/detail/send_frame__functions.c
[12.673s] -- Installing: /home/mechatronics/core_dependencies/scion_types/install/scion_types/include/scion_types/srv/detail/send_frame__struct.h
[12.673s] -- Installing: /home/mechatronics/core_dependencies/scion_types/install/scion_types/include/scion_types/srv/detail/can_command__functions.c
[12.673s] -- Installing: /home/mechatronics/core_dependencies/scion_types/install/scion_types/include/scion_types/srv/detail/can_command__functions.h
[12.674s] -- Installing: /home/mechatronics/core_dependencies/scion_types/install/scion_types/include/scion_types/srv/detail/can_command__struct.h
[12.674s] -- Installing: /home/mechatronics/core_dependencies/scion_types/install/scion_types/include/scion_types/srv/detail/send_frame__functions.h
[12.674s] -- Installing: /home/mechatronics/core_dependencies/scion_types/install/scion_types/include/scion_types/srv/detail/send_frame__type_support.h
[12.675s] -- Installing: /home/mechatronics/core_dependencies/scion_types/install/scion_types/include/scion_types/msg
[12.675s] -- Installing: /home/mechatronics/core_dependencies/scion_types/install/scion_types/include/scion_types/msg/can_frame.h
[12.675s] -- Installing: /home/mechatronics/core_dependencies/scion_types/install/scion_types/include/scion_types/msg/sub_state.h
[12.676s] -- Installing: /home/mechatronics/core_dependencies/scion_types/install/scion_types/include/scion_types/msg/rosidl_generator_c__visibility_control.h
[12.676s] -- Installing: /home/mechatronics/core_dependencies/scion_types/install/scion_types/include/scion_types/msg/zed_object.h
[12.676s] -- Installing: /home/mechatronics/core_dependencies/scion_types/install/scion_types/include/scion_types/msg/keypoint2_di.h
[12.677s] -- Installing: /home/mechatronics/core_dependencies/scion_types/install/scion_types/include/scion_types/msg/detail
[12.677s] -- Installing: /home/mechatronics/core_dependencies/scion_types/install/scion_types/include/scion_types/msg/detail/idea__functions.h
[12.677s] -- Installing: /home/mechatronics/core_dependencies/scion_types/install/scion_types/include/scion_types/msg/detail/can_frame__functions.h
[12.678s] -- Installing: /home/mechatronics/core_dependencies/scion_types/install/scion_types/include/scion_types/msg/detail/pid_tuning__functions.c
[12.678s] -- Installing: /home/mechatronics/core_dependencies/scion_types/install/scion_types/include/scion_types/msg/detail/zed_object__type_support.h
[12.678s] -- Installing: /home/mechatronics/core_dependencies/scion_types/install/scion_types/include/scion_types/msg/detail/datapoint__struct.h
[12.679s] -- Installing: /home/mechatronics/core_dependencies/scion_types/install/scion_types/include/scion_types/msg/detail/raw_data__type_support.h
[12.679s] -- Installing: /home/mechatronics/core_dependencies/scion_types/install/scion_types/include/scion_types/msg/detail/sub_state__struct.h
[12.679s] -- Installing: /home/mechatronics/core_dependencies/scion_types/install/scion_types/include/scion_types/msg/detail/raw_data__functions.h
[12.680s] -- Installing: /home/mechatronics/core_dependencies/scion_types/install/scion_types/include/scion_types/msg/detail/can_frame__functions.c
[12.680s] -- Installing: /home/mechatronics/core_dependencies/scion_types/install/scion_types/include/scion_types/msg/detail/keypoint2_di__type_support.h
[12.680s] -- Installing: /home/mechatronics/core_dependencies/scion_types/install/scion_types/include/scion_types/msg/detail/pid_tuning__struct.h
[12.681s] -- Installing: /home/mechatronics/core_dependencies/scion_types/install/scion_types/include/scion_types/msg/detail/idea__struct.h
[12.681s] -- Installing: /home/mechatronics/core_dependencies/scion_types/install/scion_types/include/scion_types/msg/detail/sub_state__functions.c
[12.681s] -- Installing: /home/mechatronics/core_dependencies/scion_types/install/scion_types/include/scion_types/msg/detail/zed_object__functions.c
[12.682s] -- Installing: /home/mechatronics/core_dependencies/scion_types/install/scion_types/include/scion_types/msg/detail/zed_object__functions.h
[12.682s] -- Installing: /home/mechatronics/core_dependencies/scion_types/install/scion_types/include/scion_types/msg/detail/can_frame__type_support.h
[12.682s] -- Installing: /home/mechatronics/core_dependencies/scion_types/install/scion_types/include/scion_types/msg/detail/can_frame__struct.h
[12.682s] -- Installing: /home/mechatronics/core_dependencies/scion_types/install/scion_types/include/scion_types/msg/detail/keypoint2_di__functions.h
[12.683s] -- Installing: /home/mechatronics/core_dependencies/scion_types/install/scion_types/include/scion_types/msg/detail/keypoint2_di__struct.h
[12.683s] -- Installing: /home/mechatronics/core_dependencies/scion_types/install/scion_types/include/scion_types/msg/detail/idea__functions.c
[12.684s] -- Installing: /home/mechatronics/core_dependencies/scion_types/install/scion_types/include/scion_types/msg/detail/raw_data__functions.c
[12.685s] -- Installing: /home/mechatronics/core_dependencies/scion_types/install/scion_types/include/scion_types/msg/detail/datapoint__functions.h
[12.685s] -- Installing: /home/mechatronics/core_dependencies/scion_types/install/scion_types/include/scion_types/msg/detail/keypoint2_di__functions.c
[12.685s] -- Installing: /home/mechatronics/core_dependencies/scion_types/install/scion_types/include/scion_types/msg/detail/pid_tuning__functions.h
[12.686s] -- Installing: /home/mechatronics/core_dependencies/scion_types/install/scion_types/include/scion_types/msg/detail/sub_state__type_support.h
[12.686s] -- Installing: /home/mechatronics/core_dependencies/scion_types/install/scion_types/include/scion_types/msg/detail/vision_object__type_support.h
[12.686s] -- Installing: /home/mechatronics/core_dependencies/scion_types/install/scion_types/include/scion_types/msg/detail/zed_object__struct.h
[12.686s] -- Installing: /home/mechatronics/core_dependencies/scion_types/install/scion_types/include/scion_types/msg/detail/raw_data__struct.h
[12.687s] -- Installing: /home/mechatronics/core_dependencies/scion_types/install/scion_types/include/scion_types/msg/detail/vision_object__functions.h
[12.687s] -- Installing: /home/mechatronics/core_dependencies/scion_types/install/scion_types/include/scion_types/msg/detail/vision_object__struct.h
[12.687s] -- Installing: /home/mechatronics/core_dependencies/scion_types/install/scion_types/include/scion_types/msg/detail/sub_state__functions.h
[12.688s] -- Installing: /home/mechatronics/core_dependencies/scion_types/install/scion_types/include/scion_types/msg/detail/datapoint__type_support.h
[12.688s] -- Installing: /home/mechatronics/core_dependencies/scion_types/install/scion_types/include/scion_types/msg/detail/datapoint__functions.c
[12.688s] -- Installing: /home/mechatronics/core_dependencies/scion_types/install/scion_types/include/scion_types/msg/detail/pid_tuning__type_support.h
[12.689s] -- Installing: /home/mechatronics/core_dependencies/scion_types/install/scion_types/include/scion_types/msg/detail/vision_object__functions.c
[12.689s] -- Installing: /home/mechatronics/core_dependencies/scion_types/install/scion_types/include/scion_types/msg/detail/idea__type_support.h
[12.689s] -- Installing: /home/mechatronics/core_dependencies/scion_types/install/scion_types/include/scion_types/msg/datapoint.h
[12.690s] -- Installing: /home/mechatronics/core_dependencies/scion_types/install/scion_types/include/scion_types/msg/vision_object.h
[12.690s] -- Installing: /home/mechatronics/core_dependencies/scion_types/install/scion_types/include/scion_types/msg/pid_tuning.h
[12.690s] -- Installing: /home/mechatronics/core_dependencies/scion_types/install/scion_types/include/scion_types/msg/raw_data.h
[12.690s] -- Installing: /home/mechatronics/core_dependencies/scion_types/install/scion_types/include/scion_types/msg/idea.h
[12.691s] -- Installing: /home/mechatronics/core_dependencies/scion_types/install/scion_types/share/scion_types/environment/library_path.sh
[12.691s] -- Installing: /home/mechatronics/core_dependencies/scion_types/install/scion_types/share/scion_types/environment/library_path.dsv
[12.691s] -- Installing: /home/mechatronics/core_dependencies/scion_types/install/scion_types/lib/libscion_types__rosidl_generator_c.so
[12.692s] -- Set runtime path of "/home/mechatronics/core_dependencies/scion_types/install/scion_types/lib/libscion_types__rosidl_generator_c.so" to ""
[12.692s] -- Up-to-date: /home/mechatronics/core_dependencies/scion_types/install/scion_types/include/scion_types
[12.692s] -- Up-to-date: /home/mechatronics/core_dependencies/scion_types/install/scion_types/include/scion_types/srv
[12.693s] -- Up-to-date: /home/mechatronics/core_dependencies/scion_types/install/scion_types/include/scion_types/srv/detail
[12.693s] -- Installing: /home/mechatronics/core_dependencies/scion_types/install/scion_types/include/scion_types/srv/detail/can_command__rosidl_typesupport_fastrtps_c.h
[12.693s] -- Installing: /home/mechatronics/core_dependencies/scion_types/install/scion_types/include/scion_types/srv/detail/send_frame__rosidl_typesupport_fastrtps_c.h
[12.694s] -- Up-to-date: /home/mechatronics/core_dependencies/scion_types/install/scion_types/include/scion_types/msg
[12.694s] -- Installing: /home/mechatronics/core_dependencies/scion_types/install/scion_types/include/scion_types/msg/rosidl_typesupport_fastrtps_c__visibility_control.h
[12.694s] -- Up-to-date: /home/mechatronics/core_dependencies/scion_types/install/scion_types/include/scion_types/msg/detail
[12.695s] -- Installing: /home/mechatronics/core_dependencies/scion_types/install/scion_types/include/scion_types/msg/detail/can_frame__rosidl_typesupport_fastrtps_c.h
[12.695s] -- Installing: /home/mechatronics/core_dependencies/scion_types/install/scion_types/include/scion_types/msg/detail/raw_data__rosidl_typesupport_fastrtps_c.h
[12.695s] -- Installing: /home/mechatronics/core_dependencies/scion_types/install/scion_types/include/scion_types/msg/detail/zed_object__rosidl_typesupport_fastrtps_c.h
[12.696s] -- Installing: /home/mechatronics/core_dependencies/scion_types/install/scion_types/include/scion_types/msg/detail/vision_object__rosidl_typesupport_fastrtps_c.h
[12.696s] -- Installing: /home/mechatronics/core_dependencies/scion_types/install/scion_types/include/scion_types/msg/detail/idea__rosidl_typesupport_fastrtps_c.h
[12.696s] -- Installing: /home/mechatronics/core_dependencies/scion_types/install/scion_types/include/scion_types/msg/detail/keypoint2_di__rosidl_typesupport_fastrtps_c.h
[12.697s] -- Installing: /home/mechatronics/core_dependencies/scion_types/install/scion_types/include/scion_types/msg/detail/pid_tuning__rosidl_typesupport_fastrtps_c.h
[12.697s] -- Installing: /home/mechatronics/core_dependencies/scion_types/install/scion_types/include/scion_types/msg/detail/datapoint__rosidl_typesupport_fastrtps_c.h
[12.697s] -- Installing: /home/mechatronics/core_dependencies/scion_types/install/scion_types/include/scion_types/msg/detail/sub_state__rosidl_typesupport_fastrtps_c.h
[12.697s] -- Installing: /home/mechatronics/core_dependencies/scion_types/install/scion_types/lib/libscion_types__rosidl_typesupport_fastrtps_c.so
[12.698s] -- Set runtime path of "/home/mechatronics/core_dependencies/scion_types/install/scion_types/lib/libscion_types__rosidl_typesupport_fastrtps_c.so" to ""
[12.698s] -- Up-to-date: /home/mechatronics/core_dependencies/scion_types/install/scion_types/include/scion_types
[12.698s] -- Up-to-date: /home/mechatronics/core_dependencies/scion_types/install/scion_types/include/scion_types/srv
[12.699s] -- Up-to-date: /home/mechatronics/core_dependencies/scion_types/install/scion_types/include/scion_types/srv/detail
[12.699s] -- Installing: /home/mechatronics/core_dependencies/scion_types/install/scion_types/include/scion_types/srv/detail/can_command__rosidl_typesupport_fastrtps_cpp.hpp
[12.699s] -- Installing: /home/mechatronics/core_dependencies/scion_types/install/scion_types/include/scion_types/srv/detail/send_frame__rosidl_typesupport_fastrtps_cpp.hpp
[12.699s] -- Installing: /home/mechatronics/core_dependencies/scion_types/install/scion_types/include/scion_types/srv/detail/dds_fastrtps
[12.700s] -- Up-to-date: /home/mechatronics/core_dependencies/scion_types/install/scion_types/include/scion_types/msg
[12.700s] -- Up-to-date: /home/mechatronics/core_dependencies/scion_types/install/scion_types/include/scion_types/msg/detail
[12.700s] -- Installing: /home/mechatronics/core_dependencies/scion_types/install/scion_types/include/scion_types/msg/detail/keypoint2_di__rosidl_typesupport_fastrtps_cpp.hpp
[12.700s] -- Installing: /home/mechatronics/core_dependencies/scion_types/install/scion_types/include/scion_types/msg/detail/sub_state__rosidl_typesupport_fastrtps_cpp.hpp
[12.701s] -- Installing: /home/mechatronics/core_dependencies/scion_types/install/scion_types/include/scion_types/msg/detail/raw_data__rosidl_typesupport_fastrtps_cpp.hpp
[12.701s] -- Installing: /home/mechatronics/core_dependencies/scion_types/install/scion_types/include/scion_types/msg/detail/datapoint__rosidl_typesupport_fastrtps_cpp.hpp
[12.701s] -- Installing: /home/mechatronics/core_dependencies/scion_types/install/scion_types/include/scion_types/msg/detail/dds_fastrtps
[12.702s] -- Installing: /home/mechatronics/core_dependencies/scion_types/install/scion_types/include/scion_types/msg/detail/zed_object__rosidl_typesupport_fastrtps_cpp.hpp
[12.702s] -- Installing: /home/mechatronics/core_dependencies/scion_types/install/scion_types/include/scion_types/msg/detail/can_frame__rosidl_typesupport_fastrtps_cpp.hpp
[12.702s] -- Installing: /home/mechatronics/core_dependencies/scion_types/install/scion_types/include/scion_types/msg/detail/vision_object__rosidl_typesupport_fastrtps_cpp.hpp
[12.702s] -- Installing: /home/mechatronics/core_dependencies/scion_types/install/scion_types/include/scion_types/msg/detail/idea__rosidl_typesupport_fastrtps_cpp.hpp
[12.703s] -- Installing: /home/mechatronics/core_dependencies/scion_types/install/scion_types/include/scion_types/msg/detail/pid_tuning__rosidl_typesupport_fastrtps_cpp.hpp
[12.703s] -- Installing: /home/mechatronics/core_dependencies/scion_types/install/scion_types/include/scion_types/msg/rosidl_typesupport_fastrtps_cpp__visibility_control.h
[12.703s] -- Installing: /home/mechatronics/core_dependencies/scion_types/install/scion_types/lib/libscion_types__rosidl_typesupport_fastrtps_cpp.so
[12.703s] -- Set runtime path of "/home/mechatronics/core_dependencies/scion_types/install/scion_types/lib/libscion_types__rosidl_typesupport_fastrtps_cpp.so" to ""
[12.704s] -- Up-to-date: /home/mechatronics/core_dependencies/scion_types/install/scion_types/include/scion_types
[12.704s] -- Up-to-date: /home/mechatronics/core_dependencies/scion_types/install/scion_types/include/scion_types/srv
[12.704s] -- Up-to-date: /home/mechatronics/core_dependencies/scion_types/install/scion_types/include/scion_types/srv/detail
[12.705s] -- Installing: /home/mechatronics/core_dependencies/scion_types/install/scion_types/include/scion_types/srv/detail/can_command__type_support.c
[12.705s] -- Installing: /home/mechatronics/core_dependencies/scion_types/install/scion_types/include/scion_types/srv/detail/send_frame__type_support.c
[12.705s] -- Installing: /home/mechatronics/core_dependencies/scion_types/install/scion_types/include/scion_types/srv/detail/send_frame__rosidl_typesupport_introspection_c.h
[12.705s] -- Installing: /home/mechatronics/core_dependencies/scion_types/install/scion_types/include/scion_types/srv/detail/can_command__rosidl_typesupport_introspection_c.h
[12.705s] -- Up-to-date: /home/mechatronics/core_dependencies/scion_types/install/scion_types/include/scion_types/msg
[12.706s] -- Up-to-date: /home/mechatronics/core_dependencies/scion_types/install/scion_types/include/scion_types/msg/detail
[12.706s] -- Installing: /home/mechatronics/core_dependencies/scion_types/install/scion_types/include/scion_types/msg/detail/keypoint2_di__rosidl_typesupport_introspection_c.h
[12.706s] -- Installing: /home/mechatronics/core_dependencies/scion_types/install/scion_types/include/scion_types/msg/detail/vision_object__rosidl_typesupport_introspection_c.h
[12.706s] -- Installing: /home/mechatronics/core_dependencies/scion_types/install/scion_types/include/scion_types/msg/detail/can_frame__type_support.c
[12.706s] -- Installing: /home/mechatronics/core_dependencies/scion_types/install/scion_types/include/scion_types/msg/detail/raw_data__rosidl_typesupport_introspection_c.h
[12.707s] -- Installing: /home/mechatronics/core_dependencies/scion_types/install/scion_types/include/scion_types/msg/detail/pid_tuning__rosidl_typesupport_introspection_c.h
[12.707s] -- Installing: /home/mechatronics/core_dependencies/scion_types/install/scion_types/include/scion_types/msg/detail/idea__rosidl_typesupport_introspection_c.h
[12.707s] -- Installing: /home/mechatronics/core_dependencies/scion_types/install/scion_types/include/scion_types/msg/detail/keypoint2_di__type_support.c
[12.707s] -- Installing: /home/mechatronics/core_dependencies/scion_types/install/scion_types/include/scion_types/msg/detail/can_frame__rosidl_typesupport_introspection_c.h
[12.707s] -- Installing: /home/mechatronics/core_dependencies/scion_types/install/scion_types/include/scion_types/msg/detail/raw_data__type_support.c
[12.707s] -- Installing: /home/mechatronics/core_dependencies/scion_types/install/scion_types/include/scion_types/msg/detail/datapoint__rosidl_typesupport_introspection_c.h
[12.708s] -- Installing: /home/mechatronics/core_dependencies/scion_types/install/scion_types/include/scion_types/msg/detail/vision_object__type_support.c
[12.708s] -- Installing: /home/mechatronics/core_dependencies/scion_types/install/scion_types/include/scion_types/msg/detail/sub_state__rosidl_typesupport_introspection_c.h
[12.708s] -- Installing: /home/mechatronics/core_dependencies/scion_types/install/scion_types/include/scion_types/msg/detail/datapoint__type_support.c
[12.708s] -- Installing: /home/mechatronics/core_dependencies/scion_types/install/scion_types/include/scion_types/msg/detail/sub_state__type_support.c
[12.708s] -- Installing: /home/mechatronics/core_dependencies/scion_types/install/scion_types/include/scion_types/msg/detail/pid_tuning__type_support.c
[12.708s] -- Installing: /home/mechatronics/core_dependencies/scion_types/install/scion_types/include/scion_types/msg/detail/zed_object__rosidl_typesupport_introspection_c.h
[12.709s] -- Installing: /home/mechatronics/core_dependencies/scion_types/install/scion_types/include/scion_types/msg/detail/zed_object__type_support.c
[12.709s] -- Installing: /home/mechatronics/core_dependencies/scion_types/install/scion_types/include/scion_types/msg/detail/idea__type_support.c
[12.709s] -- Installing: /home/mechatronics/core_dependencies/scion_types/install/scion_types/include/scion_types/msg/rosidl_typesupport_introspection_c__visibility_control.h
[12.709s] -- Installing: /home/mechatronics/core_dependencies/scion_types/install/scion_types/lib/libscion_types__rosidl_typesupport_introspection_c.so
[12.709s] -- Set runtime path of "/home/mechatronics/core_dependencies/scion_types/install/scion_types/lib/libscion_types__rosidl_typesupport_introspection_c.so" to ""
[12.710s] -- Installing: /home/mechatronics/core_dependencies/scion_types/install/scion_types/lib/libscion_types__rosidl_typesupport_c.so
[12.710s] -- Set runtime path of "/home/mechatronics/core_dependencies/scion_types/install/scion_types/lib/libscion_types__rosidl_typesupport_c.so" to ""
[12.710s] -- Up-to-date: /home/mechatronics/core_dependencies/scion_types/install/scion_types/include/scion_types
[12.710s] -- Up-to-date: /home/mechatronics/core_dependencies/scion_types/install/scion_types/include/scion_types/srv
[12.710s] -- Installing: /home/mechatronics/core_dependencies/scion_types/install/scion_types/include/scion_types/srv/send_frame.hpp
[12.710s] -- Up-to-date: /home/mechatronics/core_dependencies/scion_types/install/scion_types/include/scion_types/srv/detail
[12.710s] -- Installing: /home/mechatronics/core_dependencies/scion_types/install/scion_types/include/scion_types/srv/detail/send_frame__struct.hpp
[12.711s] -- Installing: /home/mechatronics/core_dependencies/scion_types/install/scion_types/include/scion_types/srv/detail/can_command__type_support.hpp
[12.711s] -- Installing: /home/mechatronics/core_dependencies/scion_types/install/scion_types/include/scion_types/srv/detail/send_frame__builder.hpp
[12.711s] -- Installing: /home/mechatronics/core_dependencies/scion_types/install/scion_types/include/scion_types/srv/detail/can_command__traits.hpp
[12.711s] -- Installing: /home/mechatronics/core_dependencies/scion_types/install/scion_types/include/scion_types/srv/detail/can_command__builder.hpp
[12.711s] -- Installing: /home/mechatronics/core_dependencies/scion_types/install/scion_types/include/scion_types/srv/detail/send_frame__traits.hpp
[12.711s] -- Installing: /home/mechatronics/core_dependencies/scion_types/install/scion_types/include/scion_types/srv/detail/send_frame__type_support.hpp
[12.712s] -- Installing: /home/mechatronics/core_dependencies/scion_types/install/scion_types/include/scion_types/srv/detail/can_command__struct.hpp
[12.712s] -- Installing: /home/mechatronics/core_dependencies/scion_types/install/scion_types/include/scion_types/srv/can_command.hpp
[12.712s] -- Up-to-date: /home/mechatronics/core_dependencies/scion_types/install/scion_types/include/scion_types/msg
[12.712s] -- Installing: /home/mechatronics/core_dependencies/scion_types/install/scion_types/include/scion_types/msg/pid_tuning.hpp
[12.712s] -- Installing: /home/mechatronics/core_dependencies/scion_types/install/scion_types/include/scion_types/msg/zed_object.hpp
[12.712s] -- Installing: /home/mechatronics/core_dependencies/scion_types/install/scion_types/include/scion_types/msg/sub_state.hpp
[12.712s] -- Installing: /home/mechatronics/core_dependencies/scion_types/install/scion_types/include/scion_types/msg/can_frame.hpp
[12.713s] -- Up-to-date: /home/mechatronics/core_dependencies/scion_types/install/scion_types/include/scion_types/msg/detail
[12.713s] -- Installing: /home/mechatronics/core_dependencies/scion_types/install/scion_types/include/scion_types/msg/detail/idea__builder.hpp
[12.713s] -- Installing: /home/mechatronics/core_dependencies/scion_types/install/scion_types/include/scion_types/msg/detail/can_frame__traits.hpp
[12.713s] -- Installing: /home/mechatronics/core_dependencies/scion_types/install/scion_types/include/scion_types/msg/detail/can_frame__struct.hpp
[12.713s] -- Installing: /home/mechatronics/core_dependencies/scion_types/install/scion_types/include/scion_types/msg/detail/sub_state__traits.hpp
[12.713s] -- Installing: /home/mechatronics/core_dependencies/scion_types/install/scion_types/include/scion_types/msg/detail/idea__type_support.hpp
[12.713s] -- Installing: /home/mechatronics/core_dependencies/scion_types/install/scion_types/include/scion_types/msg/detail/idea__traits.hpp
[12.714s] -- Installing: /home/mechatronics/core_dependencies/scion_types/install/scion_types/include/scion_types/msg/detail/zed_object__type_support.hpp
[12.714s] -- Installing: /home/mechatronics/core_dependencies/scion_types/install/scion_types/include/scion_types/msg/detail/keypoint2_di__type_support.hpp
[12.714s] -- Installing: /home/mechatronics/core_dependencies/scion_types/install/scion_types/include/scion_types/msg/detail/raw_data__type_support.hpp
[12.714s] -- Installing: /home/mechatronics/core_dependencies/scion_types/install/scion_types/include/scion_types/msg/detail/raw_data__builder.hpp
[12.714s] -- Installing: /home/mechatronics/core_dependencies/scion_types/install/scion_types/include/scion_types/msg/detail/can_frame__type_support.hpp
[12.714s] -- Installing: /home/mechatronics/core_dependencies/scion_types/install/scion_types/include/scion_types/msg/detail/keypoint2_di__traits.hpp
[12.714s] -- Installing: /home/mechatronics/core_dependencies/scion_types/install/scion_types/include/scion_types/msg/detail/datapoint__traits.hpp
[12.715s] -- Installing: /home/mechatronics/core_dependencies/scion_types/install/scion_types/include/scion_types/msg/detail/can_frame__builder.hpp
[12.715s] -- Installing: /home/mechatronics/core_dependencies/scion_types/install/scion_types/include/scion_types/msg/detail/raw_data__traits.hpp
[12.715s] -- Installing: /home/mechatronics/core_dependencies/scion_types/install/scion_types/include/scion_types/msg/detail/datapoint__type_support.hpp
[12.715s] -- Installing: /home/mechatronics/core_dependencies/scion_types/install/scion_types/include/scion_types/msg/detail/pid_tuning__struct.hpp
[12.715s] -- Installing: /home/mechatronics/core_dependencies/scion_types/install/scion_types/include/scion_types/msg/detail/keypoint2_di__builder.hpp
[12.715s] -- Installing: /home/mechatronics/core_dependencies/scion_types/install/scion_types/include/scion_types/msg/detail/datapoint__struct.hpp
[12.715s] -- Installing: /home/mechatronics/core_dependencies/scion_types/install/scion_types/include/scion_types/msg/detail/zed_object__builder.hpp
[12.716s] -- Installing: /home/mechatronics/core_dependencies/scion_types/install/scion_types/include/scion_types/msg/detail/sub_state__builder.hpp
[12.716s] -- Installing: /home/mechatronics/core_dependencies/scion_types/install/scion_types/include/scion_types/msg/detail/vision_object__traits.hpp
[12.716s] -- Installing: /home/mechatronics/core_dependencies/scion_types/install/scion_types/include/scion_types/msg/detail/sub_state__struct.hpp
[12.716s] -- Installing: /home/mechatronics/core_dependencies/scion_types/install/scion_types/include/scion_types/msg/detail/raw_data__struct.hpp
[12.716s] -- Installing: /home/mechatronics/core_dependencies/scion_types/install/scion_types/include/scion_types/msg/detail/vision_object__struct.hpp
[12.716s] -- Installing: /home/mechatronics/core_dependencies/scion_types/install/scion_types/include/scion_types/msg/detail/idea__struct.hpp
[12.716s] -- Installing: /home/mechatronics/core_dependencies/scion_types/install/scion_types/include/scion_types/msg/detail/pid_tuning__type_support.hpp
[12.717s] -- Installing: /home/mechatronics/core_dependencies/scion_types/install/scion_types/include/scion_types/msg/detail/sub_state__type_support.hpp
[12.717s] -- Installing: /home/mechatronics/core_dependencies/scion_types/install/scion_types/include/scion_types/msg/detail/vision_object__type_support.hpp
[12.717s] -- Installing: /home/mechatronics/core_dependencies/scion_types/install/scion_types/include/scion_types/msg/detail/zed_object__struct.hpp
[12.717s] -- Installing: /home/mechatronics/core_dependencies/scion_types/install/scion_types/include/scion_types/msg/detail/datapoint__builder.hpp
[12.717s] -- Installing: /home/mechatronics/core_dependencies/scion_types/install/scion_types/include/scion_types/msg/detail/vision_object__builder.hpp
[12.717s] -- Installing: /home/mechatronics/core_dependencies/scion_types/install/scion_types/include/scion_types/msg/detail/zed_object__traits.hpp
[12.717s] -- Installing: /home/mechatronics/core_dependencies/scion_types/install/scion_types/include/scion_types/msg/detail/pid_tuning__builder.hpp
[12.717s] -- Installing: /home/mechatronics/core_dependencies/scion_types/install/scion_types/include/scion_types/msg/detail/keypoint2_di__struct.hpp
[12.718s] -- Installing: /home/mechatronics/core_dependencies/scion_types/install/scion_types/include/scion_types/msg/detail/pid_tuning__traits.hpp
[12.718s] -- Installing: /home/mechatronics/core_dependencies/scion_types/install/scion_types/include/scion_types/msg/keypoint2_di.hpp
[12.718s] -- Installing: /home/mechatronics/core_dependencies/scion_types/install/scion_types/include/scion_types/msg/vision_object.hpp
[12.718s] -- Installing: /home/mechatronics/core_dependencies/scion_types/install/scion_types/include/scion_types/msg/idea.hpp
[12.718s] -- Installing: /home/mechatronics/core_dependencies/scion_types/install/scion_types/include/scion_types/msg/datapoint.hpp
[12.718s] -- Installing: /home/mechatronics/core_dependencies/scion_types/install/scion_types/include/scion_types/msg/raw_data.hpp
[12.718s] -- Installing: /home/mechatronics/core_dependencies/scion_types/install/scion_types/include/scion_types/msg/rosidl_generator_cpp__visibility_control.hpp
[12.718s] -- Up-to-date: /home/mechatronics/core_dependencies/scion_types/install/scion_types/include/scion_types
[12.719s] -- Up-to-date: /home/mechatronics/core_dependencies/scion_types/install/scion_types/include/scion_types/srv
[12.719s] -- Up-to-date: /home/mechatronics/core_dependencies/scion_types/install/scion_types/include/scion_types/srv/detail
[12.719s] -- Installing: /home/mechatronics/core_dependencies/scion_types/install/scion_types/include/scion_types/srv/detail/can_command__type_support.cpp
[12.719s] -- Installing: /home/mechatronics/core_dependencies/scion_types/install/scion_types/include/scion_types/srv/detail/send_frame__rosidl_typesupport_introspection_cpp.hpp
[12.719s] -- Installing: /home/mechatronics/core_dependencies/scion_types/install/scion_types/include/scion_types/srv/detail/send_frame__type_support.cpp
[12.719s] -- Installing: /home/mechatronics/core_dependencies/scion_types/install/scion_types/include/scion_types/srv/detail/can_command__rosidl_typesupport_introspection_cpp.hpp
[12.719s] -- Up-to-date: /home/mechatronics/core_dependencies/scion_types/install/scion_types/include/scion_types/msg
[12.720s] -- Up-to-date: /home/mechatronics/core_dependencies/scion_types/install/scion_types/include/scion_types/msg/detail
[12.720s] -- Installing: /home/mechatronics/core_dependencies/scion_types/install/scion_types/include/scion_types/msg/detail/datapoint__rosidl_typesupport_introspection_cpp.hpp
[12.720s] -- Installing: /home/mechatronics/core_dependencies/scion_types/install/scion_types/include/scion_types/msg/detail/vision_object__type_support.cpp
[12.720s] -- Installing: /home/mechatronics/core_dependencies/scion_types/install/scion_types/include/scion_types/msg/detail/zed_object__type_support.cpp
[12.720s] -- Installing: /home/mechatronics/core_dependencies/scion_types/install/scion_types/include/scion_types/msg/detail/pid_tuning__rosidl_typesupport_introspection_cpp.hpp
[12.720s] -- Installing: /home/mechatronics/core_dependencies/scion_types/install/scion_types/include/scion_types/msg/detail/raw_data__type_support.cpp
[12.720s] -- Installing: /home/mechatronics/core_dependencies/scion_types/install/scion_types/include/scion_types/msg/detail/keypoint2_di__rosidl_typesupport_introspection_cpp.hpp
[12.720s] -- Installing: /home/mechatronics/core_dependencies/scion_types/install/scion_types/include/scion_types/msg/detail/keypoint2_di__type_support.cpp
[12.720s] -- Installing: /home/mechatronics/core_dependencies/scion_types/install/scion_types/include/scion_types/msg/detail/vision_object__rosidl_typesupport_introspection_cpp.hpp
[12.721s] -- Installing: /home/mechatronics/core_dependencies/scion_types/install/scion_types/include/scion_types/msg/detail/idea__rosidl_typesupport_introspection_cpp.hpp
[12.721s] -- Installing: /home/mechatronics/core_dependencies/scion_types/install/scion_types/include/scion_types/msg/detail/zed_object__rosidl_typesupport_introspection_cpp.hpp
[12.721s] -- Installing: /home/mechatronics/core_dependencies/scion_types/install/scion_types/include/scion_types/msg/detail/datapoint__type_support.cpp
[12.721s] -- Installing: /home/mechatronics/core_dependencies/scion_types/install/scion_types/include/scion_types/msg/detail/can_frame__type_support.cpp
[12.721s] -- Installing: /home/mechatronics/core_dependencies/scion_types/install/scion_types/include/scion_types/msg/detail/pid_tuning__type_support.cpp
[12.721s] -- Installing: /home/mechatronics/core_dependencies/scion_types/install/scion_types/include/scion_types/msg/detail/sub_state__type_support.cpp
[12.721s] -- Installing: /home/mechatronics/core_dependencies/scion_types/install/scion_types/include/scion_types/msg/detail/sub_state__rosidl_typesupport_introspection_cpp.hpp
[12.721s] -- Installing: /home/mechatronics/core_dependencies/scion_types/install/scion_types/include/scion_types/msg/detail/raw_data__rosidl_typesupport_introspection_cpp.hpp
[12.722s] -- Installing: /home/mechatronics/core_dependencies/scion_types/install/scion_types/include/scion_types/msg/detail/can_frame__rosidl_typesupport_introspection_cpp.hpp
[12.722s] -- Installing: /home/mechatronics/core_dependencies/scion_types/install/scion_types/include/scion_types/msg/detail/idea__type_support.cpp
[12.722s] -- Installing: /home/mechatronics/core_dependencies/scion_types/install/scion_types/lib/libscion_types__rosidl_typesupport_introspection_cpp.so
[12.722s] -- Set runtime path of "/home/mechatronics/core_dependencies/scion_types/install/scion_types/lib/libscion_types__rosidl_typesupport_introspection_cpp.so" to ""
[12.722s] -- Installing: /home/mechatronics/core_dependencies/scion_types/install/scion_types/lib/libscion_types__rosidl_typesupport_cpp.so
[12.722s] -- Set runtime path of "/home/mechatronics/core_dependencies/scion_types/install/scion_types/lib/libscion_types__rosidl_typesupport_cpp.so" to ""
[12.722s] -- Installing: /home/mechatronics/core_dependencies/scion_types/install/scion_types/share/scion_types/environment/pythonpath.sh
[12.722s] -- Installing: /home/mechatronics/core_dependencies/scion_types/install/scion_types/share/scion_types/environment/pythonpath.dsv
[12.722s] -- Installing: /home/mechatronics/core_dependencies/scion_types/install/scion_types/lib/python3.8/site-packages/scion_types/__init__.py
[12.752s] Compiling '/home/mechatronics/core_dependencies/scion_types/install/scion_types/lib/python3.8/site-packages/scion_types/__init__.py'...
[12.760s] -- Installing: /home/mechatronics/core_dependencies/scion_types/install/scion_types/lib/python3.8/site-packages/scion_types/msg
[12.760s] -- Installing: /home/mechatronics/core_dependencies/scion_types/install/scion_types/lib/python3.8/site-packages/scion_types/msg/_vision_object.py
[12.761s] -- Installing: /home/mechatronics/core_dependencies/scion_types/install/scion_types/lib/python3.8/site-packages/scion_types/msg/_sub_state_s.c
[12.761s] -- Installing: /home/mechatronics/core_dependencies/scion_types/install/scion_types/lib/python3.8/site-packages/scion_types/msg/_raw_data.py
[12.761s] -- Installing: /home/mechatronics/core_dependencies/scion_types/install/scion_types/lib/python3.8/site-packages/scion_types/msg/_can_frame.py
[12.761s] -- Installing: /home/mechatronics/core_dependencies/scion_types/install/scion_types/lib/python3.8/site-packages/scion_types/msg/_pid_tuning_s.c
[12.762s] -- Installing: /home/mechatronics/core_dependencies/scion_types/install/scion_types/lib/python3.8/site-packages/scion_types/msg/_datapoint.py
[12.762s] -- Installing: /home/mechatronics/core_dependencies/scion_types/install/scion_types/lib/python3.8/site-packages/scion_types/msg/__init__.py
[12.762s] -- Installing: /home/mechatronics/core_dependencies/scion_types/install/scion_types/lib/python3.8/site-packages/scion_types/msg/_raw_data_s.c
[12.762s] -- Installing: /home/mechatronics/core_dependencies/scion_types/install/scion_types/lib/python3.8/site-packages/scion_types/msg/_vision_object_s.c
[12.763s] -- Installing: /home/mechatronics/core_dependencies/scion_types/install/scion_types/lib/python3.8/site-packages/scion_types/msg/_zed_object_s.c
[12.763s] -- Installing: /home/mechatronics/core_dependencies/scion_types/install/scion_types/lib/python3.8/site-packages/scion_types/msg/_idea_s.c
[12.763s] -- Installing: /home/mechatronics/core_dependencies/scion_types/install/scion_types/lib/python3.8/site-packages/scion_types/msg/_pid_tuning.py
[12.764s] -- Installing: /home/mechatronics/core_dependencies/scion_types/install/scion_types/lib/python3.8/site-packages/scion_types/msg/_can_frame_s.c
[12.764s] -- Installing: /home/mechatronics/core_dependencies/scion_types/install/scion_types/lib/python3.8/site-packages/scion_types/msg/_keypoint2_di_s.c
[12.764s] -- Installing: /home/mechatronics/core_dependencies/scion_types/install/scion_types/lib/python3.8/site-packages/scion_types/msg/_zed_object.py
[12.764s] -- Installing: /home/mechatronics/core_dependencies/scion_types/install/scion_types/lib/python3.8/site-packages/scion_types/msg/_datapoint_s.c
[12.765s] -- Installing: /home/mechatronics/core_dependencies/scion_types/install/scion_types/lib/python3.8/site-packages/scion_types/msg/_idea.py
[12.765s] -- Installing: /home/mechatronics/core_dependencies/scion_types/install/scion_types/lib/python3.8/site-packages/scion_types/msg/_keypoint2_di.py
[12.765s] -- Installing: /home/mechatronics/core_dependencies/scion_types/install/scion_types/lib/python3.8/site-packages/scion_types/msg/_sub_state.py
[12.765s] -- Installing: /home/mechatronics/core_dependencies/scion_types/install/scion_types/lib/python3.8/site-packages/scion_types/srv
[12.766s] -- Installing: /home/mechatronics/core_dependencies/scion_types/install/scion_types/lib/python3.8/site-packages/scion_types/srv/_can_command_s.c
[12.766s] -- Installing: /home/mechatronics/core_dependencies/scion_types/install/scion_types/lib/python3.8/site-packages/scion_types/srv/_can_command.py
[12.766s] -- Installing: /home/mechatronics/core_dependencies/scion_types/install/scion_types/lib/python3.8/site-packages/scion_types/srv/__init__.py
[12.766s] -- Installing: /home/mechatronics/core_dependencies/scion_types/install/scion_types/lib/python3.8/site-packages/scion_types/srv/_send_frame.py
[12.767s] -- Installing: /home/mechatronics/core_dependencies/scion_types/install/scion_types/lib/python3.8/site-packages/scion_types/srv/_send_frame_s.c
[12.767s] -- Installing: /home/mechatronics/core_dependencies/scion_types/install/scion_types/lib/python3.8/site-packages/scion_types/scion_types_s__rosidl_typesupport_fastrtps_c.cpython-38-aarch64-linux-gnu.so
[12.767s] -- Set runtime path of "/home/mechatronics/core_dependencies/scion_types/install/scion_types/lib/python3.8/site-packages/scion_types/scion_types_s__rosidl_typesupport_fastrtps_c.cpython-38-aarch64-linux-gnu.so" to ""
[12.767s] -- Installing: /home/mechatronics/core_dependencies/scion_types/install/scion_types/lib/python3.8/site-packages/scion_types/scion_types_s__rosidl_typesupport_introspection_c.cpython-38-aarch64-linux-gnu.so
[12.768s] -- Set runtime path of "/home/mechatronics/core_dependencies/scion_types/install/scion_types/lib/python3.8/site-packages/scion_types/scion_types_s__rosidl_typesupport_introspection_c.cpython-38-aarch64-linux-gnu.so" to ""
[12.768s] -- Installing: /home/mechatronics/core_dependencies/scion_types/install/scion_types/lib/python3.8/site-packages/scion_types/scion_types_s__rosidl_typesupport_c.cpython-38-aarch64-linux-gnu.so
[12.768s] -- Set runtime path of "/home/mechatronics/core_dependencies/scion_types/install/scion_types/lib/python3.8/site-packages/scion_types/scion_types_s__rosidl_typesupport_c.cpython-38-aarch64-linux-gnu.so" to ""
[12.768s] -- Installing: /home/mechatronics/core_dependencies/scion_types/install/scion_types/lib/libscion_types__python.so
[12.769s] -- Set runtime path of "/home/mechatronics/core_dependencies/scion_types/install/scion_types/lib/libscion_types__python.so" to ""
[12.769s] -- Installing: /home/mechatronics/core_dependencies/scion_types/install/scion_types/share/scion_types/msg/CanFrame.idl
[12.769s] -- Installing: /home/mechatronics/core_dependencies/scion_types/install/scion_types/share/scion_types/msg/Datapoint.idl
[12.769s] -- Installing: /home/mechatronics/core_dependencies/scion_types/install/scion_types/share/scion_types/msg/Idea.idl
[12.770s] -- Installing: /home/mechatronics/core_dependencies/scion_types/install/scion_types/share/scion_types/msg/Keypoint2Di.idl
[12.770s] -- Installing: /home/mechatronics/core_dependencies/scion_types/install/scion_types/share/scion_types/msg/PidTuning.idl
[12.770s] -- Installing: /home/mechatronics/core_dependencies/scion_types/install/scion_types/share/scion_types/msg/RawData.idl
[12.771s] -- Installing: /home/mechatronics/core_dependencies/scion_types/install/scion_types/share/scion_types/msg/SubState.idl
[12.771s] -- Installing: /home/mechatronics/core_dependencies/scion_types/install/scion_types/share/scion_types/msg/VisionObject.idl
[12.771s] -- Installing: /home/mechatronics/core_dependencies/scion_types/install/scion_types/share/scion_types/msg/ZedObject.idl
[12.771s] -- Installing: /home/mechatronics/core_dependencies/scion_types/install/scion_types/share/scion_types/srv/CanCommand.idl
[12.772s] -- Installing: /home/mechatronics/core_dependencies/scion_types/install/scion_types/share/scion_types/srv/SendFrame.idl
[12.772s] -- Installing: /home/mechatronics/core_dependencies/scion_types/install/scion_types/share/scion_types/msg/CanFrame.msg
[12.772s] -- Installing: /home/mechatronics/core_dependencies/scion_types/install/scion_types/share/scion_types/msg/Datapoint.msg
[12.772s] -- Installing: /home/mechatronics/core_dependencies/scion_types/install/scion_types/share/scion_types/msg/Idea.msg
[12.773s] -- Installing: /home/mechatronics/core_dependencies/scion_types/install/scion_types/share/scion_types/msg/Keypoint2Di.msg
[12.773s] -- Installing: /home/mechatronics/core_dependencies/scion_types/install/scion_types/share/scion_types/msg/PidTuning.msg
[12.773s] -- Installing: /home/mechatronics/core_dependencies/scion_types/install/scion_types/share/scion_types/msg/RawData.msg
[12.773s] -- Installing: /home/mechatronics/core_dependencies/scion_types/install/scion_types/share/scion_types/msg/SubState.msg
[12.774s] -- Installing: /home/mechatronics/core_dependencies/scion_types/install/scion_types/share/scion_types/msg/VisionObject.msg
[12.774s] -- Installing: /home/mechatronics/core_dependencies/scion_types/install/scion_types/share/scion_types/msg/ZedObject.msg
[12.774s] -- Installing: /home/mechatronics/core_dependencies/scion_types/install/scion_types/share/scion_types/srv/CanCommand.srv
[12.774s] -- Installing: /home/mechatronics/core_dependencies/scion_types/install/scion_types/share/scion_types/srv/CanCommand_Request.msg
[12.775s] -- Installing: /home/mechatronics/core_dependencies/scion_types/install/scion_types/share/scion_types/srv/CanCommand_Response.msg
[12.775s] -- Installing: /home/mechatronics/core_dependencies/scion_types/install/scion_types/share/scion_types/srv/SendFrame.srv
[12.775s] -- Installing: /home/mechatronics/core_dependencies/scion_types/install/scion_types/share/scion_types/srv/SendFrame_Request.msg
[12.775s] -- Installing: /home/mechatronics/core_dependencies/scion_types/install/scion_types/share/scion_types/srv/SendFrame_Response.msg
[12.776s] -- Installing: /home/mechatronics/core_dependencies/scion_types/install/scion_types/share/ament_index/resource_index/package_run_dependencies/scion_types
[12.776s] -- Installing: /home/mechatronics/core_dependencies/scion_types/install/scion_types/share/ament_index/resource_index/parent_prefix_path/scion_types
[12.776s] -- Installing: /home/mechatronics/core_dependencies/scion_types/install/scion_types/share/scion_types/environment/ament_prefix_path.sh
[12.776s] -- Installing: /home/mechatronics/core_dependencies/scion_types/install/scion_types/share/scion_types/environment/ament_prefix_path.dsv
[12.777s] -- Installing: /home/mechatronics/core_dependencies/scion_types/install/scion_types/share/scion_types/environment/path.sh
[12.777s] -- Installing: /home/mechatronics/core_dependencies/scion_types/install/scion_types/share/scion_types/environment/path.dsv
[12.777s] -- Installing: /home/mechatronics/core_dependencies/scion_types/install/scion_types/share/scion_types/local_setup.bash
[12.777s] -- Installing: /home/mechatronics/core_dependencies/scion_types/install/scion_types/share/scion_types/local_setup.sh
[12.778s] -- Installing: /home/mechatronics/core_dependencies/scion_types/install/scion_types/share/scion_types/local_setup.zsh
[12.778s] -- Installing: /home/mechatronics/core_dependencies/scion_types/install/scion_types/share/scion_types/local_setup.dsv
[12.778s] -- Installing: /home/mechatronics/core_dependencies/scion_types/install/scion_types/share/scion_types/package.dsv
[12.778s] -- Installing: /home/mechatronics/core_dependencies/scion_types/install/scion_types/share/ament_index/resource_index/packages/scion_types
[12.779s] -- Installing: /home/mechatronics/core_dependencies/scion_types/install/scion_types/share/scion_types/cmake/scion_types__rosidl_generator_cExport.cmake
[12.779s] -- Installing: /home/mechatronics/core_dependencies/scion_types/install/scion_types/share/scion_types/cmake/scion_types__rosidl_generator_cExport-noconfig.cmake
[12.779s] -- Installing: /home/mechatronics/core_dependencies/scion_types/install/scion_types/share/scion_types/cmake/scion_types__rosidl_typesupport_introspection_cExport.cmake
[12.779s] -- Installing: /home/mechatronics/core_dependencies/scion_types/install/scion_types/share/scion_types/cmake/scion_types__rosidl_typesupport_introspection_cExport-noconfig.cmake
[12.779s] -- Installing: /home/mechatronics/core_dependencies/scion_types/install/scion_types/share/scion_types/cmake/scion_types__rosidl_typesupport_cExport.cmake
[12.780s] -- Installing: /home/mechatronics/core_dependencies/scion_types/install/scion_types/share/scion_types/cmake/scion_types__rosidl_typesupport_cExport-noconfig.cmake
[12.780s] -- Installing: /home/mechatronics/core_dependencies/scion_types/install/scion_types/share/scion_types/cmake/scion_types__rosidl_generator_cppExport.cmake
[12.780s] -- Installing: /home/mechatronics/core_dependencies/scion_types/install/scion_types/share/scion_types/cmake/scion_types__rosidl_typesupport_introspection_cppExport.cmake
[12.780s] -- Installing: /home/mechatronics/core_dependencies/scion_types/install/scion_types/share/scion_types/cmake/scion_types__rosidl_typesupport_introspection_cppExport-noconfig.cmake
[12.780s] -- Installing: /home/mechatronics/core_dependencies/scion_types/install/scion_types/share/scion_types/cmake/scion_types__rosidl_typesupport_cppExport.cmake
[12.781s] -- Installing: /home/mechatronics/core_dependencies/scion_types/install/scion_types/share/scion_types/cmake/scion_types__rosidl_typesupport_cppExport-noconfig.cmake
[12.781s] -- Installing: /home/mechatronics/core_dependencies/scion_types/install/scion_types/share/scion_types/cmake/rosidl_cmake-extras.cmake
[12.781s] -- Installing: /home/mechatronics/core_dependencies/scion_types/install/scion_types/share/scion_types/cmake/ament_cmake_export_dependencies-extras.cmake
[12.781s] -- Installing: /home/mechatronics/core_dependencies/scion_types/install/scion_types/share/scion_types/cmake/ament_cmake_export_libraries-extras.cmake
[12.781s] -- Installing: /home/mechatronics/core_dependencies/scion_types/install/scion_types/share/scion_types/cmake/ament_cmake_export_targets-extras.cmake
[12.781s] -- Installing: /home/mechatronics/core_dependencies/scion_types/install/scion_types/share/scion_types/cmake/ament_cmake_export_include_directories-extras.cmake
[12.781s] -- Installing: /home/mechatronics/core_dependencies/scion_types/install/scion_types/share/scion_types/cmake/rosidl_cmake_export_typesupport_libraries-extras.cmake
[12.782s] -- Installing: /home/mechatronics/core_dependencies/scion_types/install/scion_types/share/scion_types/cmake/rosidl_cmake_export_typesupport_targets-extras.cmake
[12.782s] -- Installing: /home/mechatronics/core_dependencies/scion_types/install/scion_types/share/scion_types/cmake/scion_typesConfig.cmake
[12.782s] -- Installing: /home/mechatronics/core_dependencies/scion_types/install/scion_types/share/scion_types/cmake/scion_typesConfig-version.cmake
[12.782s] -- Installing: /home/mechatronics/core_dependencies/scion_types/install/scion_types/share/scion_types/package.xml
[12.788s] Invoked command in '/home/mechatronics/core_dependencies/scion_types/build/scion_types' returned '0': CMAKE_PREFIX_PATH=${CMAKE_PREFIX_PATH}:/opt/ros/foxy /usr/bin/cmake --install /home/mechatronics/core_dependencies/scion_types/build/scion_types
